Log file open, 01/02/21 19:36:48
LogInit: Display: Running engine for game: StealthGame
LogPlatformFile: Not using cached read wrapper
LogTaskGraph: Started task graph with 5 named threads and 14 total threads with 3 sets of task threads.
LogStats: Stats thread started at 0.213624
LogD3D11RHI: Loaded GFSDK_Aftermath_Lib.x64.dll
LogICUInternationalization: ICU TimeZone Detection - Raw Offset: +1:00, Platform Override: ''
LogPluginManager: Mounting plugin Paper2D
LogPluginManager: Mounting plugin AISupport
LogPluginManager: Mounting plugin LightPropagationVolume
LogPluginManager: Mounting plugin CameraShakePreviewer
LogPluginManager: Mounting plugin ActorLayerUtilities
LogPluginManager: Mounting plugin AnimationSharing
LogPluginManager: Mounting plugin CLionSourceCodeAccess
LogPluginManager: Mounting plugin CodeLiteSourceCodeAccess
LogPluginManager: Mounting plugin GitSourceControl
LogPluginManager: Mounting plugin KDevelopSourceCodeAccess
LogPluginManager: Mounting plugin NullSourceCodeAccess
LogPluginManager: Mounting plugin PerforceSourceControl
LogPluginManager: Mounting plugin PlasticSourceControl
LogPluginManager: Mounting plugin RiderSourceCodeAccess
LogPluginManager: Mounting plugin SubversionSourceControl
LogPluginManager: Mounting plugin UObjectPlugin
LogPluginManager: Mounting plugin VisualStudioCodeSourceCodeAccess
LogPluginManager: Mounting plugin VisualStudioSourceCodeAccess
LogPluginManager: Mounting plugin XCodeSourceCodeAccess
LogPluginManager: Mounting plugin AssetManagerEditor
LogPluginManager: Mounting plugin CryptoKeys
LogPluginManager: Mounting plugin CurveEditorTools
LogPluginManager: Mounting plugin DataValidation
LogPluginManager: Mounting plugin EditorScriptingUtilities
LogPluginManager: Mounting plugin FacialAnimation
LogPluginManager: Mounting plugin GameplayTagsEditor
LogPluginManager: Mounting plugin GeometryMode
LogPluginManager: Mounting plugin MacGraphicsSwitching
LogPluginManager: Mounting plugin MaterialAnalyzer
LogPluginManager: Mounting plugin MobileLauncherProfileWizard
LogPluginManager: Mounting plugin PluginBrowser
LogPluginManager: Mounting plugin SpeedTreeImporter
LogPluginManager: Mounting plugin DatasmithContent
LogPluginManager: Mounting plugin VariantManagerContent
LogPluginManager: Mounting plugin AlembicImporter
LogPluginManager: Mounting plugin AutomationUtils
LogPluginManager: Mounting plugin BackChannel
LogPluginManager: Mounting plugin ChaosCloth
LogPluginManager: Mounting plugin ChaosClothEditor
LogPluginManager: Mounting plugin ChaosEditor
LogPluginManager: Mounting plugin ChaosNiagara
LogPluginManager: Mounting plugin ChaosSolverPlugin
LogPluginManager: Mounting plugin CharacterAI
LogPluginManager: Mounting plugin GeometryCache
LogPluginManager: Mounting plugin GeometryCollectionPlugin
LogPluginManager: Mounting plugin GeometryProcessing
LogPluginManager: Mounting plugin PlanarCut
LogPluginManager: Mounting plugin PlatformCrypto
LogPluginManager: Mounting plugin ProxyLODPlugin
LogPluginManager: Mounting plugin SkeletalReduction
LogPluginManager: Mounting plugin Niagara
LogPluginManager: Mounting plugin MagicLeap
LogPluginManager: Mounting plugin MagicLeapLightEstimation
LogPluginManager: Mounting plugin MagicLeapMedia
LogPluginManager: Mounting plugin MagicLeapPassableWorld
LogPluginManager: Mounting plugin MLSDK
LogPluginManager: Mounting plugin AndroidMedia
LogPluginManager: Mounting plugin AvfMedia
LogPluginManager: Mounting plugin ImgMedia
LogPluginManager: Mounting plugin MediaCompositing
LogPluginManager: Mounting plugin MediaPlayerEditor
LogPluginManager: Mounting plugin WebMMedia
LogPluginManager: Mounting plugin WmfMedia
LogPluginManager: Mounting plugin MeshPainting
LogPluginManager: Mounting plugin TcpMessaging
LogPluginManager: Mounting plugin UdpMessaging
LogPluginManager: Mounting plugin ActorSequence
LogPluginManager: Mounting plugin LevelSequenceEditor
LogPluginManager: Mounting plugin MatineeToLevelSequence
LogPluginManager: Mounting plugin MovieRenderPipeline
LogPluginManager: Mounting plugin TemplateSequence
LogPluginManager: Mounting plugin NetcodeUnitTest
LogPluginManager: Mounting plugin NUTUnrealEngine4
LogPluginManager: Mounting plugin OnlineSubsystemGooglePlay
LogPluginManager: Mounting plugin OnlineSubsystemIOS
LogPluginManager: Mounting plugin OnlineSubsystem
LogPluginManager: Mounting plugin OnlineSubsystemNull
LogPluginManager: Mounting plugin OnlineSubsystemUtils
LogPluginManager: Mounting plugin LauncherChunkInstaller
LogPluginManager: Mounting plugin AndroidDeviceProfileSelector
LogPluginManager: Mounting plugin AndroidMoviePlayer
LogPluginManager: Mounting plugin AndroidPermission
LogPluginManager: Mounting plugin AppleImageUtils
LogPluginManager: Mounting plugin AppleMoviePlayer
LogPluginManager: Mounting plugin ArchVisCharacter
LogPluginManager: Mounting plugin AssetTags
LogPluginManager: Mounting plugin AudioCapture
LogPluginManager: Mounting plugin CableComponent
LogPluginManager: Mounting plugin CustomMeshComponent
LogPluginManager: Mounting plugin EditableMesh
LogPluginManager: Mounting plugin ExampleDeviceProfileSelector
LogPluginManager: Mounting plugin GoogleCloudMessaging
LogPluginManager: Mounting plugin GooglePAD
LogPluginManager: Mounting plugin IOSDeviceProfileSelector
LogPluginManager: Mounting plugin LinuxDeviceProfileSelector
LogPluginManager: Mounting plugin LocationServicesBPLibrary
LogPluginManager: Mounting plugin MobilePatchingUtils
LogPluginManager: Mounting plugin OculusVR
LogPluginManager: Mounting plugin PhysXVehicles
LogPluginManager: Mounting plugin PostSplashScreen
LogPluginManager: Mounting plugin ProceduralMeshComponent
LogPluginManager: Mounting plugin RuntimePhysXCooking
LogPluginManager: Mounting plugin SignificanceManager
LogPluginManager: Mounting plugin SoundFields
LogPluginManager: Mounting plugin SteamVR
LogPluginManager: Mounting plugin Synthesis
LogPluginManager: Mounting plugin WebMMoviePlayer
LogPluginManager: Mounting plugin WindowsMoviePlayer
LogPluginManager: Mounting plugin ScreenshotTools
LogInit: Using libcurl 7.55.1-DEV
LogInit:  - built for x86_64-pc-win32
LogInit:  - supports SSL with OpenSSL/1.1.1
LogInit:  - supports HTTP deflate (compression) using libz 1.2.8
LogInit:  - other features:
LogInit:      CURL_VERSION_SSL
LogInit:      CURL_VERSION_LIBZ
LogInit:      CURL_VERSION_IPV6
LogInit:      CURL_VERSION_ASYNCHDNS
LogInit:      CURL_VERSION_LARGEFILE
LogInit:      CURL_VERSION_IDN
LogInit:  CurlRequestOptions (configurable via config and command line):
LogInit:  - bVerifyPeer = true  - Libcurl will verify peer certificate
LogInit:  - bUseHttpProxy = false  - Libcurl will NOT use HTTP proxy
LogInit:  - bDontReuseConnections = false  - Libcurl will reuse connections
LogInit:  - MaxHostConnections = 16  - Libcurl will limit the number of connections to a host
LogInit:  - LocalHostAddr = Default
LogInit:  - BufferSize = 65536
LogOnline: OSS: Creating online subsystem instance for: NULL
LogInit: WinSock: version 1.1 (2.2), MaxSocks=32767, MaxUdp=65467
LogOnline: OSS: TryLoadSubsystemAndSetDefault: Loaded subsystem for module [NULL]
LogInit: Build: ++UE4+Release-4.25-CL-14469661
LogInit: Engine Version: 4.25.4-14469661+++UE4+Release-4.25
LogInit: Compatible Engine Version: 4.25.0-13144385+++UE4+Release-4.25
LogInit: Net CL: 13144385
LogInit: OS: Windows 10 (Release 2004) (), CPU: Intel(R) Core(TM) i5-4460  CPU @ 3.20GHz, GPU: NVIDIA GeForce GTX 970
LogInit: Compiled (64-bit): Oct 11 2020 08:10:49
LogInit: Compiled with Visual C++: 19.24.28315.00
LogInit: Build Configuration: Development
LogInit: Branch Name: ++UE4+Release-4.25
LogInit: Command Line: 
LogInit: Base Directory: C:/Program Files/Epic Games/UE_4.25/Engine/Binaries/Win64/
LogInit: Allocator: TBB
LogInit: Installed Engine Build: 1
LogDevObjectVersion: Number of dev versions registered: 26
LogDevObjectVersion:   Dev-Blueprints (B0D832E4-1F89-4F0D-ACCF-7EB736FD4AA2): 10
LogDevObjectVersion:   Dev-Build (E1C64328-A22C-4D53-A36C-8E866417BD8C): 0
LogDevObjectVersion:   Dev-Core (375EC13C-06E4-48FB-B500-84F0262A717E): 4
LogDevObjectVersion:   Dev-Editor (E4B068ED-F494-42E9-A231-DA0B2E46BB41): 38
LogDevObjectVersion:   Dev-Framework (CFFC743F-43B0-4480-9391-14DF171D2073): 37
LogDevObjectVersion:   Dev-Mobile (B02B49B5-BB20-44E9-A304-32B752E40360): 2
LogDevObjectVersion:   Dev-Networking (A4E4105C-59A1-49B5-A7C5-40C4547EDFEE): 0
LogDevObjectVersion:   Dev-Online (39C831C9-5AE6-47DC-9A44-9C173E1C8E7C): 0
LogDevObjectVersion:   Dev-Physics (78F01B33-EBEA-4F98-B9B4-84EACCB95AA2): 4
LogDevObjectVersion:   Dev-Platform (6631380F-2D4D-43E0-8009-CF276956A95A): 0
LogDevObjectVersion:   Dev-Rendering (12F88B9F-8875-4AFC-A67C-D90C383ABD29): 43
LogDevObjectVersion:   Dev-Sequencer (7B5AE74C-D270-4C10-A958-57980B212A5A): 12
LogDevObjectVersion:   Dev-VR (D7296918-1DD6-4BDD-9DE2-64A83CC13884): 3
LogDevObjectVersion:   Dev-LoadTimes (C2A15278-BFE7-4AFE-6C17-90FF531DF755): 1
LogDevObjectVersion:   Private-Geometry (6EACA3D4-40EC-4CC1-B786-8BED09428FC5): 3
LogDevObjectVersion:   Dev-AnimPhys (29E575DD-E0A3-4627-9D10-D276232CDCEA): 17
LogDevObjectVersion:   Dev-Anim (AF43A65D-7FD3-4947-9873-3E8ED9C1BB05): 7
LogDevObjectVersion:   Dev-ReflectionCapture (6B266CEC-1EC7-4B8F-A30B-E4D90942FC07): 1
LogDevObjectVersion:   Dev-Automation (0DF73D61-A23F-47EA-B727-89E90C41499A): 1
LogDevObjectVersion:   FortniteMain (601D1886-AC64-4F84-AA16-D3DE0DEAC7D6): 31
LogDevObjectVersion:   Dev-Enterprise (9DFFBCD6-494F-0158-E221-12823C92A888): 10
LogDevObjectVersion:   Dev-Niagara (F2AED0AC-9AFE-416F-8664-AA7FFA26D6FC): 1
LogDevObjectVersion:   Dev-Destruction (174F1F0B-B4C6-45A5-B13F-2EE8D0FB917D): 10
LogDevObjectVersion:   Dev-Physics-Ext (35F94A83-E258-406C-A318-09F59610247C): 37
LogDevObjectVersion:   Dev-PhysicsMaterial-Chaos (B68FC16E-8B1B-42E2-B453-215C058844FE): 1
LogDevObjectVersion:   Dev-CineCamera (B2E18506-4273-CFC2-A54E-F4BB758BBA07): 1
LogInit: Presizing for max 25165824 objects, including 0 objects not considered by GC, pre-allocating 0 bytes for permanent pool.
LogConfig: Applying CVar settings from Section [/Script/Engine.StreamingSettings] File [C:/Users/ago25/Desktop/TheSign/Curriculari/UnrealEngine/GitStealthGame/StealthGame_Unreal/StealthGame/Saved/Config/Windows/Engine.ini]
LogConfig: Setting CVar [[s.MinBulkDataSizeForAsyncLoading:131072]]
LogConfig: Setting CVar [[s.AsyncLoadingThreadEnabled:0]]
LogConfig: Setting CVar [[s.EventDrivenLoaderEnabled:1]]
LogConfig: Setting CVar [[s.WarnIfTimeLimitExceeded:0]]
LogConfig: Setting CVar [[s.TimeLimitExceededMultiplier:1.5]]
LogConfig: Setting CVar [[s.TimeLimitExceededMinTime:0.005]]
LogConfig: Setting CVar [[s.UseBackgroundLevelStreaming:1]]
LogConfig: Setting CVar [[s.PriorityAsyncLoadingExtraTime:15.0]]
LogConfig: Setting CVar [[s.LevelStreamingActorsUpdateTimeLimit:5.0]]
LogConfig: Setting CVar [[s.PriorityLevelStreamingActorsUpdateExtraTime:5.0]]
LogConfig: Setting CVar [[s.LevelStreamingComponentsRegistrationGranularity:10]]
LogConfig: Setting CVar [[s.UnregisterComponentsTimeLimit:1.0]]
LogConfig: Setting CVar [[s.LevelStreamingComponentsUnregistrationGranularity:5]]
LogConfig: Setting CVar [[s.FlushStreamingOnExit:1]]
LogInit: Object subsystem initialized
LogConfig: Setting CVar [[con.DebugEarlyDefault:1]]
LogConfig: Setting CVar [[r.setres:1280x720]]
[2021.01.02-18.36.48:862][  0]LogConfig: Setting CVar [[r.VSync:0]]
[2021.01.02-18.36.48:862][  0]LogConfig: Setting CVar [[r.RHICmdBypass:0]]
[2021.01.02-18.36.48:862][  0]LogConfig: Applying CVar settings from Section [/Script/Engine.RendererSettings] File [C:/Users/ago25/Desktop/TheSign/Curriculari/UnrealEngine/GitStealthGame/StealthGame_Unreal/StealthGame/Saved/Config/Windows/Engine.ini]
[2021.01.02-18.36.48:862][  0]LogConfig: Setting CVar [[r.GPUCrashDebugging:0]]
[2021.01.02-18.36.48:862][  0]LogConfig: Applying CVar settings from Section [/Script/Engine.RendererOverrideSettings] File [C:/Users/ago25/Desktop/TheSign/Curriculari/UnrealEngine/GitStealthGame/StealthGame_Unreal/StealthGame/Saved/Config/Windows/Engine.ini]
[2021.01.02-18.36.48:862][  0]LogConfig: Applying CVar settings from Section [/Script/Engine.StreamingSettings] File [C:/Users/ago25/Desktop/TheSign/Curriculari/UnrealEngine/GitStealthGame/StealthGame_Unreal/StealthGame/Saved/Config/Windows/Engine.ini]
[2021.01.02-18.36.48:862][  0]LogConfig: Setting CVar [[s.MinBulkDataSizeForAsyncLoading:131072]]
[2021.01.02-18.36.48:862][  0]LogConfig: Setting CVar [[s.AsyncLoadingThreadEnabled:0]]
[2021.01.02-18.36.48:862][  0]LogConfig: Setting CVar [[s.EventDrivenLoaderEnabled:1]]
[2021.01.02-18.36.48:862][  0]LogConfig: Setting CVar [[s.WarnIfTimeLimitExceeded:0]]
[2021.01.02-18.36.48:862][  0]LogConfig: Setting CVar [[s.TimeLimitExceededMultiplier:1.5]]
[2021.01.02-18.36.48:862][  0]LogConfig: Setting CVar [[s.TimeLimitExceededMinTime:0.005]]
[2021.01.02-18.36.48:862][  0]LogConfig: Setting CVar [[s.UseBackgroundLevelStreaming:1]]
[2021.01.02-18.36.48:862][  0]LogConfig: Setting CVar [[s.PriorityAsyncLoadingExtraTime:15.0]]
[2021.01.02-18.36.48:862][  0]LogConfig: Setting CVar [[s.LevelStreamingActorsUpdateTimeLimit:5.0]]
[2021.01.02-18.36.48:862][  0]LogConfig: Setting CVar [[s.PriorityLevelStreamingActorsUpdateExtraTime:5.0]]
[2021.01.02-18.36.48:862][  0]LogConfig: Setting CVar [[s.LevelStreamingComponentsRegistrationGranularity:10]]
[2021.01.02-18.36.48:862][  0]LogConfig: Setting CVar [[s.UnregisterComponentsTimeLimit:1.0]]
[2021.01.02-18.36.48:862][  0]LogConfig: Setting CVar [[s.LevelStreamingComponentsUnregistrationGranularity:5]]
[2021.01.02-18.36.48:863][  0]LogConfig: Setting CVar [[s.FlushStreamingOnExit:1]]
[2021.01.02-18.36.48:863][  0]LogConfig: Applying CVar settings from Section [/Script/Engine.GarbageCollectionSettings] File [C:/Users/ago25/Desktop/TheSign/Curriculari/UnrealEngine/GitStealthGame/StealthGame_Unreal/StealthGame/Saved/Config/Windows/Engine.ini]
[2021.01.02-18.36.48:863][  0]LogConfig: Setting CVar [[gc.MaxObjectsNotConsideredByGC:1]]
[2021.01.02-18.36.48:863][  0]LogConfig: Setting CVar [[gc.SizeOfPermanentObjectPool:0]]
[2021.01.02-18.36.48:863][  0]LogConfig: Setting CVar [[gc.FlushStreamingOnGC:0]]
[2021.01.02-18.36.48:863][  0]LogConfig: Setting CVar [[gc.NumRetriesBeforeForcingGC:10]]
[2021.01.02-18.36.48:863][  0]LogConfig: Setting CVar [[gc.AllowParallelGC:1]]
[2021.01.02-18.36.48:863][  0]LogConfig: Setting CVar [[gc.TimeBetweenPurgingPendingKillObjects:61.1]]
[2021.01.02-18.36.48:863][  0]LogConfig: Setting CVar [[gc.MaxObjectsInEditor:25165824]]
[2021.01.02-18.36.48:863][  0]LogConfig: Setting CVar [[gc.IncrementalBeginDestroyEnabled:1]]
[2021.01.02-18.36.48:863][  0]LogConfig: Setting CVar [[gc.CreateGCClusters:1]]
[2021.01.02-18.36.48:863][  0]LogConfig: Setting CVar [[gc.MinGCClusterSize:5]]
[2021.01.02-18.36.48:863][  0]LogConfig: Setting CVar [[gc.ActorClusteringEnabled:0]]
[2021.01.02-18.36.48:863][  0]LogConfig: Setting CVar [[gc.BlueprintClusteringEnabled:0]]
[2021.01.02-18.36.48:863][  0]LogConfig: Setting CVar [[gc.UseDisregardForGCOnDedicatedServers:0]]
[2021.01.02-18.36.48:863][  0]LogConfig: Applying CVar settings from Section [/Script/Engine.NetworkSettings] File [C:/Users/ago25/Desktop/TheSign/Curriculari/UnrealEngine/GitStealthGame/StealthGame_Unreal/StealthGame/Saved/Config/Windows/Engine.ini]
[2021.01.02-18.36.48:863][  0]LogConfig: Applying CVar settings from Section [/Script/UnrealEd.CookerSettings] File [C:/Users/ago25/Desktop/TheSign/Curriculari/UnrealEngine/GitStealthGame/StealthGame_Unreal/StealthGame/Saved/Config/Windows/Engine.ini]
[2021.01.02-18.36.48:866][  0]LogConfig: Applying CVar settings from Section [ViewDistanceQuality@3] File [C:/Users/ago25/Desktop/TheSign/Curriculari/UnrealEngine/GitStealthGame/StealthGame_Unreal/StealthGame/Saved/Config/Windows/Scalability.ini]
[2021.01.02-18.36.48:866][  0]LogConfig: Setting CVar [[r.SkeletalMeshLODBias:0]]
[2021.01.02-18.36.48:866][  0]LogConfig: Setting CVar [[r.ViewDistanceScale:1.0]]
[2021.01.02-18.36.48:866][  0]LogConfig: Applying CVar settings from Section [AntiAliasingQuality@3] File [C:/Users/ago25/Desktop/TheSign/Curriculari/UnrealEngine/GitStealthGame/StealthGame_Unreal/StealthGame/Saved/Config/Windows/Scalability.ini]
[2021.01.02-18.36.48:866][  0]LogConfig: Setting CVar [[r.PostProcessAAQuality:4]]
[2021.01.02-18.36.48:866][  0]LogConfig: Applying CVar settings from Section [ShadowQuality@3] File [C:/Users/ago25/Desktop/TheSign/Curriculari/UnrealEngine/GitStealthGame/StealthGame_Unreal/StealthGame/Saved/Config/Windows/Scalability.ini]
[2021.01.02-18.36.48:866][  0]LogConfig: Setting CVar [[r.LightFunctionQuality:1]]
[2021.01.02-18.36.48:866][  0]LogConfig: Setting CVar [[r.ShadowQuality:5]]
[2021.01.02-18.36.48:866][  0]LogConfig: Setting CVar [[r.Shadow.CSM.MaxCascades:10]]
[2021.01.02-18.36.48:866][  0]LogConfig: Setting CVar [[r.Shadow.MaxResolution:2048]]
[2021.01.02-18.36.48:866][  0]LogConfig: Setting CVar [[r.Shadow.MaxCSMResolution:2048]]
[2021.01.02-18.36.48:866][  0]LogConfig: Setting CVar [[r.Shadow.RadiusThreshold:0.01]]
[2021.01.02-18.36.48:866][  0]LogConfig: Setting CVar [[r.Shadow.DistanceScale:1.0]]
[2021.01.02-18.36.48:866][  0]LogConfig: Setting CVar [[r.Shadow.CSM.TransitionScale:1.0]]
[2021.01.02-18.36.48:866][  0]LogConfig: Setting CVar [[r.Shadow.PreShadowResolutionFactor:1.0]]
[2021.01.02-18.36.48:866][  0]LogConfig: Setting CVar [[r.DistanceFieldShadowing:1]]
[2021.01.02-18.36.48:866][  0]LogConfig: Setting CVar [[r.DistanceFieldAO:1]]
[2021.01.02-18.36.48:866][  0]LogConfig: Setting CVar [[r.AOQuality:2]]
[2021.01.02-18.36.48:866][  0]LogConfig: Setting CVar [[r.VolumetricFog:1]]
[2021.01.02-18.36.48:866][  0]LogConfig: Setting CVar [[r.VolumetricFog.GridPixelSize:8]]
[2021.01.02-18.36.48:866][  0]LogConfig: Setting CVar [[r.VolumetricFog.GridSizeZ:128]]
[2021.01.02-18.36.48:866][  0]LogConfig: Setting CVar [[r.VolumetricFog.HistoryMissSupersampleCount:4]]
[2021.01.02-18.36.48:866][  0]LogConfig: Setting CVar [[r.LightMaxDrawDistanceScale:1]]
[2021.01.02-18.36.48:866][  0]LogConfig: Setting CVar [[r.CapsuleShadows:1]]
[2021.01.02-18.36.48:866][  0]LogConfig: Applying CVar settings from Section [PostProcessQuality@3] File [C:/Users/ago25/Desktop/TheSign/Curriculari/UnrealEngine/GitStealthGame/StealthGame_Unreal/StealthGame/Saved/Config/Windows/Scalability.ini]
[2021.01.02-18.36.48:866][  0]LogConfig: Setting CVar [[r.MotionBlurQuality:4]]
[2021.01.02-18.36.48:866][  0]LogConfig: Setting CVar [[r.AmbientOcclusionMipLevelFactor:0.4]]
[2021.01.02-18.36.48:866][  0]LogConfig: Setting CVar [[r.AmbientOcclusionMaxQuality:100]]
[2021.01.02-18.36.48:866][  0]LogConfig: Setting CVar [[r.AmbientOcclusionLevels:-1]]
[2021.01.02-18.36.48:866][  0]LogConfig: Setting CVar [[r.AmbientOcclusionRadiusScale:1.0]]
[2021.01.02-18.36.48:866][  0]LogConfig: Setting CVar [[r.DepthOfFieldQuality:2]]
[2021.01.02-18.36.48:866][  0]LogConfig: Setting CVar [[r.RenderTargetPoolMin:400]]
[2021.01.02-18.36.48:866][  0]LogConfig: Setting CVar [[r.LensFlareQuality:2]]
[2021.01.02-18.36.48:866][  0]LogConfig: Setting CVar [[r.SceneColorFringeQuality:1]]
[2021.01.02-18.36.48:866][  0]LogConfig: Setting CVar [[r.EyeAdaptationQuality:2]]
[2021.01.02-18.36.48:866][  0]LogConfig: Setting CVar [[r.BloomQuality:5]]
[2021.01.02-18.36.48:866][  0]LogConfig: Setting CVar [[r.FastBlurThreshold:100]]
[2021.01.02-18.36.48:866][  0]LogConfig: Setting CVar [[r.Upscale.Quality:3]]
[2021.01.02-18.36.48:866][  0]LogConfig: Setting CVar [[r.Tonemapper.GrainQuantization:1]]
[2021.01.02-18.36.48:866][  0]LogConfig: Setting CVar [[r.LightShaftQuality:1]]
[2021.01.02-18.36.48:866][  0]LogConfig: Setting CVar [[r.Filter.SizeScale:1]]
[2021.01.02-18.36.48:866][  0]LogConfig: Setting CVar [[r.Tonemapper.Quality:5]]
[2021.01.02-18.36.48:866][  0]LogConfig: Setting CVar [[r.DOF.Gather.AccumulatorQuality:1        ; higher gathering accumulator quality]]
[2021.01.02-18.36.48:866][  0]LogConfig: Setting CVar [[r.DOF.Gather.PostfilterMethod:1          ; Median3x3 postfilering method]]
[2021.01.02-18.36.48:866][  0]LogConfig: Setting CVar [[r.DOF.Gather.EnableBokehSettings:0       ; no bokeh simulation when gathering]]
[2021.01.02-18.36.48:866][  0]LogConfig: Setting CVar [[r.DOF.Gather.RingCount:4                 ; medium number of samples when gathering]]
[2021.01.02-18.36.48:866][  0]LogConfig: Setting CVar [[r.DOF.Scatter.ForegroundCompositing:1    ; additive foreground scattering]]
[2021.01.02-18.36.48:866][  0]LogConfig: Setting CVar [[r.DOF.Scatter.BackgroundCompositing:2    ; additive background scattering]]
[2021.01.02-18.36.48:867][  0]LogConfig: Setting CVar [[r.DOF.Scatter.EnableBokehSettings:1      ; bokeh simulation when scattering]]
[2021.01.02-18.36.48:867][  0]LogConfig: Setting CVar [[r.DOF.Scatter.MaxSpriteRatio:0.1         ; only a maximum of 10% of scattered bokeh]]
[2021.01.02-18.36.48:867][  0]LogConfig: Setting CVar [[r.DOF.Recombine.Quality:1                ; cheap slight out of focus]]
[2021.01.02-18.36.48:867][  0]LogConfig: Setting CVar [[r.DOF.Recombine.EnableBokehSettings:0    ; no bokeh simulation on slight out of focus]]
[2021.01.02-18.36.48:867][  0]LogConfig: Setting CVar [[r.DOF.TemporalAAQuality:1                ; more stable temporal accumulation]]
[2021.01.02-18.36.48:867][  0]LogConfig: Setting CVar [[r.DOF.Kernel.MaxForegroundRadius:0.025]]
[2021.01.02-18.36.48:867][  0]LogConfig: Setting CVar [[r.DOF.Kernel.MaxBackgroundRadius:0.025]]
[2021.01.02-18.36.48:867][  0]LogConfig: Applying CVar settings from Section [TextureQuality@3] File [C:/Users/ago25/Desktop/TheSign/Curriculari/UnrealEngine/GitStealthGame/StealthGame_Unreal/StealthGame/Saved/Config/Windows/Scalability.ini]
[2021.01.02-18.36.48:867][  0]LogConfig: Setting CVar [[r.Streaming.MipBias:0]]
[2021.01.02-18.36.48:867][  0]LogConfig: Setting CVar [[r.Streaming.AmortizeCPUToGPUCopy:0]]
[2021.01.02-18.36.48:867][  0]LogConfig: Setting CVar [[r.Streaming.MaxNumTexturesToStreamPerFrame:0]]
[2021.01.02-18.36.48:867][  0]LogConfig: Setting CVar [[r.Streaming.Boost:1]]
[2021.01.02-18.36.48:867][  0]LogConfig: Setting CVar [[r.MaxAnisotropy:8]]
[2021.01.02-18.36.48:867][  0]LogConfig: Setting CVar [[r.VT.MaxAnisotropy:8]]
[2021.01.02-18.36.48:867][  0]LogConfig: Setting CVar [[r.Streaming.LimitPoolSizeToVRAM:0]]
[2021.01.02-18.36.48:867][  0]LogConfig: Setting CVar [[r.Streaming.PoolSize:1000]]
[2021.01.02-18.36.48:867][  0]LogConfig: Setting CVar [[r.Streaming.MaxEffectiveScreenSize:0]]
[2021.01.02-18.36.48:867][  0]LogConfig: Applying CVar settings from Section [EffectsQuality@3] File [C:/Users/ago25/Desktop/TheSign/Curriculari/UnrealEngine/GitStealthGame/StealthGame_Unreal/StealthGame/Saved/Config/Windows/Scalability.ini]
[2021.01.02-18.36.48:867][  0]LogConfig: Setting CVar [[r.TranslucencyLightingVolumeDim:64]]
[2021.01.02-18.36.48:867][  0]LogConfig: Setting CVar [[r.RefractionQuality:2]]
[2021.01.02-18.36.48:867][  0]LogConfig: Setting CVar [[r.SSR.Quality:3]]
[2021.01.02-18.36.48:867][  0]LogConfig: Setting CVar [[r.SSR.HalfResSceneColor:0]]
[2021.01.02-18.36.48:867][  0]LogConfig: Setting CVar [[r.SceneColorFormat:4]]
[2021.01.02-18.36.48:867][  0]LogConfig: Setting CVar [[r.DetailMode:2]]
[2021.01.02-18.36.48:867][  0]LogConfig: Setting CVar [[r.TranslucencyVolumeBlur:1]]
[2021.01.02-18.36.48:867][  0]LogConfig: Setting CVar [[r.MaterialQualityLevel:1 ; High quality]]
[2021.01.02-18.36.48:867][  0]LogConfig: Setting CVar [[r.SSS.Scale:1]]
[2021.01.02-18.36.48:867][  0]LogConfig: Setting CVar [[r.SSS.SampleSet:2]]
[2021.01.02-18.36.48:867][  0]LogConfig: Setting CVar [[r.SSS.Quality:1]]
[2021.01.02-18.36.48:867][  0]LogConfig: Setting CVar [[r.SSS.HalfRes:0]]
[2021.01.02-18.36.48:867][  0]LogConfig: Setting CVar [[r.SSGI.Quality:3]]
[2021.01.02-18.36.48:867][  0]LogConfig: Setting CVar [[r.EmitterSpawnRateScale:1.0]]
[2021.01.02-18.36.48:867][  0]LogConfig: Setting CVar [[r.ParticleLightQuality:2]]
[2021.01.02-18.36.48:867][  0]LogConfig: Setting CVar [[r.SkyAtmosphere.AerialPerspectiveLUT.FastApplyOnOpaque:1 ; Always have FastSkyLUT 1 in this case to avoid wrong sky]]
[2021.01.02-18.36.48:867][  0]LogConfig: Setting CVar [[r.SkyAtmosphere.AerialPerspectiveLUT.SampleCountPerSlice:1]]
[2021.01.02-18.36.48:867][  0]LogConfig: Setting CVar [[r.SkyAtmosphere.AerialPerspectiveLUT.DepthResolution:16.0]]
[2021.01.02-18.36.48:867][  0]LogConfig: Setting CVar [[r.SkyAtmosphere.FastSkyLUT:1]]
[2021.01.02-18.36.48:867][  0]LogConfig: Setting CVar [[r.SkyAtmosphere.FastSkyLUT.SampleCountMin:4.0]]
[2021.01.02-18.36.48:867][  0]LogConfig: Setting CVar [[r.SkyAtmosphere.FastSkyLUT.SampleCountMax:32.0]]
[2021.01.02-18.36.48:867][  0]LogConfig: Setting CVar [[r.SkyAtmosphere.SampleCountMin:4.0]]
[2021.01.02-18.36.48:867][  0]LogConfig: Setting CVar [[r.SkyAtmosphere.SampleCountMax:32.0]]
[2021.01.02-18.36.48:867][  0]LogConfig: Setting CVar [[r.SkyAtmosphere.TransmittanceLUT.UseSmallFormat:0]]
[2021.01.02-18.36.48:867][  0]LogConfig: Setting CVar [[r.SkyAtmosphere.TransmittanceLUT.SampleCount:10.0]]
[2021.01.02-18.36.48:867][  0]LogConfig: Setting CVar [[r.SkyAtmosphere.MultiScatteringLUT.SampleCount:15.0]]
[2021.01.02-18.36.48:867][  0]LogConfig: Applying CVar settings from Section [FoliageQuality@3] File [C:/Users/ago25/Desktop/TheSign/Curriculari/UnrealEngine/GitStealthGame/StealthGame_Unreal/StealthGame/Saved/Config/Windows/Scalability.ini]
[2021.01.02-18.36.48:867][  0]LogConfig: Setting CVar [[foliage.DensityScale:1.0]]
[2021.01.02-18.36.48:867][  0]LogConfig: Setting CVar [[grass.DensityScale:1.0]]
[2021.01.02-18.36.48:867][  0]LogConfig: Applying CVar settings from Section [ShadingQuality@3] File [C:/Users/ago25/Desktop/TheSign/Curriculari/UnrealEngine/GitStealthGame/StealthGame_Unreal/StealthGame/Saved/Config/Windows/Scalability.ini]
[2021.01.02-18.36.48:867][  0]LogConfig: Setting CVar [[r.HairStrands.SkyLighting.SampleCount:16]]
[2021.01.02-18.36.48:867][  0]LogConfig: Setting CVar [[r.HairStrands.SkyLighting.JitterIntegration:0]]
[2021.01.02-18.36.48:867][  0]LogConfig: Setting CVar [[r.HairStrands.SkyAO.SampleCount:16]]
[2021.01.02-18.36.48:867][  0]LogConfig: Setting CVar [[r.HairStrands.DeepShadow.SuperSampling:0]]
[2021.01.02-18.36.48:867][  0]LogConfig: Setting CVar [[r.HairStrands.VisibilityPPLL:0]]
[2021.01.02-18.36.48:867][  0]LogConfig: Setting CVar [[r.HairStrands.RasterizationScale:0.5]]
[2021.01.02-18.36.48:867][  0]LogConfig: Setting CVar [[r.HairStrands.VelocityRasterizationScale:1]]
[2021.01.02-18.36.48:867][  0]LogInit: Selected Device Profile: [Windows]
[2021.01.02-18.36.48:867][  0]LogInit: Applying CVar settings loaded from the selected device profile: [Windows]
[2021.01.02-18.36.48:867][  0]LogHAL: Display: Platform has ~ 16 GB [17129345024 / 17179869184 / 16], which maps to Larger [LargestMinGB=32, LargerMinGB=12, DefaultMinGB=8, SmallerMinGB=6, SmallestMinGB=0)
[2021.01.02-18.36.48:867][  0]LogInit: Going up to parent DeviceProfile []
[2021.01.02-18.36.48:867][  0]LogConfig: Applying CVar settings from Section [ViewDistanceQuality@3] File [C:/Users/ago25/Desktop/TheSign/Curriculari/UnrealEngine/GitStealthGame/StealthGame_Unreal/StealthGame/Saved/Config/Windows/Scalability.ini]
[2021.01.02-18.36.48:867][  0]LogConfig: Setting CVar [[r.SkeletalMeshLODBias:0]]
[2021.01.02-18.36.48:868][  0]LogConfig: Setting CVar [[r.ViewDistanceScale:1.0]]
[2021.01.02-18.36.48:868][  0]LogConfig: Applying CVar settings from Section [AntiAliasingQuality@3] File [C:/Users/ago25/Desktop/TheSign/Curriculari/UnrealEngine/GitStealthGame/StealthGame_Unreal/StealthGame/Saved/Config/Windows/Scalability.ini]
[2021.01.02-18.36.48:868][  0]LogConfig: Setting CVar [[r.PostProcessAAQuality:4]]
[2021.01.02-18.36.48:868][  0]LogConfig: Applying CVar settings from Section [ShadowQuality@3] File [C:/Users/ago25/Desktop/TheSign/Curriculari/UnrealEngine/GitStealthGame/StealthGame_Unreal/StealthGame/Saved/Config/Windows/Scalability.ini]
[2021.01.02-18.36.48:868][  0]LogConfig: Setting CVar [[r.LightFunctionQuality:1]]
[2021.01.02-18.36.48:868][  0]LogConfig: Setting CVar [[r.ShadowQuality:5]]
[2021.01.02-18.36.48:868][  0]LogConfig: Setting CVar [[r.Shadow.CSM.MaxCascades:10]]
[2021.01.02-18.36.48:868][  0]LogConfig: Setting CVar [[r.Shadow.MaxResolution:2048]]
[2021.01.02-18.36.48:868][  0]LogConfig: Setting CVar [[r.Shadow.MaxCSMResolution:2048]]
[2021.01.02-18.36.48:868][  0]LogConfig: Setting CVar [[r.Shadow.RadiusThreshold:0.01]]
[2021.01.02-18.36.48:868][  0]LogConfig: Setting CVar [[r.Shadow.DistanceScale:1.0]]
[2021.01.02-18.36.48:868][  0]LogConfig: Setting CVar [[r.Shadow.CSM.TransitionScale:1.0]]
[2021.01.02-18.36.48:868][  0]LogConfig: Setting CVar [[r.Shadow.PreShadowResolutionFactor:1.0]]
[2021.01.02-18.36.48:868][  0]LogConfig: Setting CVar [[r.DistanceFieldShadowing:1]]
[2021.01.02-18.36.48:868][  0]LogConfig: Setting CVar [[r.DistanceFieldAO:1]]
[2021.01.02-18.36.48:868][  0]LogConfig: Setting CVar [[r.AOQuality:2]]
[2021.01.02-18.36.48:868][  0]LogConfig: Setting CVar [[r.VolumetricFog:1]]
[2021.01.02-18.36.48:868][  0]LogConfig: Setting CVar [[r.VolumetricFog.GridPixelSize:8]]
[2021.01.02-18.36.48:868][  0]LogConfig: Setting CVar [[r.VolumetricFog.GridSizeZ:128]]
[2021.01.02-18.36.48:868][  0]LogConfig: Setting CVar [[r.VolumetricFog.HistoryMissSupersampleCount:4]]
[2021.01.02-18.36.48:868][  0]LogConfig: Setting CVar [[r.LightMaxDrawDistanceScale:1]]
[2021.01.02-18.36.48:868][  0]LogConfig: Setting CVar [[r.CapsuleShadows:1]]
[2021.01.02-18.36.48:868][  0]LogConfig: Applying CVar settings from Section [PostProcessQuality@3] File [C:/Users/ago25/Desktop/TheSign/Curriculari/UnrealEngine/GitStealthGame/StealthGame_Unreal/StealthGame/Saved/Config/Windows/Scalability.ini]
[2021.01.02-18.36.48:868][  0]LogConfig: Setting CVar [[r.MotionBlurQuality:4]]
[2021.01.02-18.36.48:868][  0]LogConfig: Setting CVar [[r.AmbientOcclusionMipLevelFactor:0.4]]
[2021.01.02-18.36.48:868][  0]LogConfig: Setting CVar [[r.AmbientOcclusionMaxQuality:100]]
[2021.01.02-18.36.48:868][  0]LogConfig: Setting CVar [[r.AmbientOcclusionLevels:-1]]
[2021.01.02-18.36.48:868][  0]LogConfig: Setting CVar [[r.AmbientOcclusionRadiusScale:1.0]]
[2021.01.02-18.36.48:868][  0]LogConfig: Setting CVar [[r.DepthOfFieldQuality:2]]
[2021.01.02-18.36.48:868][  0]LogConfig: Setting CVar [[r.RenderTargetPoolMin:400]]
[2021.01.02-18.36.48:868][  0]LogConfig: Setting CVar [[r.LensFlareQuality:2]]
[2021.01.02-18.36.48:868][  0]LogConfig: Setting CVar [[r.SceneColorFringeQuality:1]]
[2021.01.02-18.36.48:868][  0]LogConfig: Setting CVar [[r.EyeAdaptationQuality:2]]
[2021.01.02-18.36.48:868][  0]LogConfig: Setting CVar [[r.BloomQuality:5]]
[2021.01.02-18.36.48:868][  0]LogConfig: Setting CVar [[r.FastBlurThreshold:100]]
[2021.01.02-18.36.48:868][  0]LogConfig: Setting CVar [[r.Upscale.Quality:3]]
[2021.01.02-18.36.48:868][  0]LogConfig: Setting CVar [[r.Tonemapper.GrainQuantization:1]]
[2021.01.02-18.36.48:868][  0]LogConfig: Setting CVar [[r.LightShaftQuality:1]]
[2021.01.02-18.36.48:868][  0]LogConfig: Setting CVar [[r.Filter.SizeScale:1]]
[2021.01.02-18.36.48:868][  0]LogConfig: Setting CVar [[r.Tonemapper.Quality:5]]
[2021.01.02-18.36.48:868][  0]LogConfig: Setting CVar [[r.DOF.Gather.AccumulatorQuality:1        ; higher gathering accumulator quality]]
[2021.01.02-18.36.48:868][  0]LogConfig: Setting CVar [[r.DOF.Gather.PostfilterMethod:1          ; Median3x3 postfilering method]]
[2021.01.02-18.36.48:868][  0]LogConfig: Setting CVar [[r.DOF.Gather.EnableBokehSettings:0       ; no bokeh simulation when gathering]]
[2021.01.02-18.36.48:868][  0]LogConfig: Setting CVar [[r.DOF.Gather.RingCount:4                 ; medium number of samples when gathering]]
[2021.01.02-18.36.48:868][  0]LogConfig: Setting CVar [[r.DOF.Scatter.ForegroundCompositing:1    ; additive foreground scattering]]
[2021.01.02-18.36.48:868][  0]LogConfig: Setting CVar [[r.DOF.Scatter.BackgroundCompositing:2    ; additive background scattering]]
[2021.01.02-18.36.48:868][  0]LogConfig: Setting CVar [[r.DOF.Scatter.EnableBokehSettings:1      ; bokeh simulation when scattering]]
[2021.01.02-18.36.48:868][  0]LogConfig: Setting CVar [[r.DOF.Scatter.MaxSpriteRatio:0.1         ; only a maximum of 10% of scattered bokeh]]
[2021.01.02-18.36.48:868][  0]LogConfig: Setting CVar [[r.DOF.Recombine.Quality:1                ; cheap slight out of focus]]
[2021.01.02-18.36.48:868][  0]LogConfig: Setting CVar [[r.DOF.Recombine.EnableBokehSettings:0    ; no bokeh simulation on slight out of focus]]
[2021.01.02-18.36.48:868][  0]LogConfig: Setting CVar [[r.DOF.TemporalAAQuality:1                ; more stable temporal accumulation]]
[2021.01.02-18.36.48:868][  0]LogConfig: Setting CVar [[r.DOF.Kernel.MaxForegroundRadius:0.025]]
[2021.01.02-18.36.48:868][  0]LogConfig: Setting CVar [[r.DOF.Kernel.MaxBackgroundRadius:0.025]]
[2021.01.02-18.36.48:868][  0]LogConfig: Applying CVar settings from Section [TextureQuality@3] File [C:/Users/ago25/Desktop/TheSign/Curriculari/UnrealEngine/GitStealthGame/StealthGame_Unreal/StealthGame/Saved/Config/Windows/Scalability.ini]
[2021.01.02-18.36.48:868][  0]LogConfig: Setting CVar [[r.Streaming.MipBias:0]]
[2021.01.02-18.36.48:868][  0]LogConfig: Setting CVar [[r.Streaming.AmortizeCPUToGPUCopy:0]]
[2021.01.02-18.36.48:868][  0]LogConfig: Setting CVar [[r.Streaming.MaxNumTexturesToStreamPerFrame:0]]
[2021.01.02-18.36.48:868][  0]LogConfig: Setting CVar [[r.Streaming.Boost:1]]
[2021.01.02-18.36.48:868][  0]LogConfig: Setting CVar [[r.MaxAnisotropy:8]]
[2021.01.02-18.36.48:868][  0]LogConfig: Setting CVar [[r.VT.MaxAnisotropy:8]]
[2021.01.02-18.36.48:868][  0]LogConfig: Setting CVar [[r.Streaming.LimitPoolSizeToVRAM:0]]
[2021.01.02-18.36.48:868][  0]LogConfig: Setting CVar [[r.Streaming.PoolSize:1000]]
[2021.01.02-18.36.48:868][  0]LogConfig: Setting CVar [[r.Streaming.MaxEffectiveScreenSize:0]]
[2021.01.02-18.36.48:868][  0]LogConfig: Applying CVar settings from Section [EffectsQuality@3] File [C:/Users/ago25/Desktop/TheSign/Curriculari/UnrealEngine/GitStealthGame/StealthGame_Unreal/StealthGame/Saved/Config/Windows/Scalability.ini]
[2021.01.02-18.36.48:868][  0]LogConfig: Setting CVar [[r.TranslucencyLightingVolumeDim:64]]
[2021.01.02-18.36.48:868][  0]LogConfig: Setting CVar [[r.RefractionQuality:2]]
[2021.01.02-18.36.48:868][  0]LogConfig: Setting CVar [[r.SSR.Quality:3]]
[2021.01.02-18.36.48:868][  0]LogConfig: Setting CVar [[r.SSR.HalfResSceneColor:0]]
[2021.01.02-18.36.48:868][  0]LogConfig: Setting CVar [[r.SceneColorFormat:4]]
[2021.01.02-18.36.48:868][  0]LogConfig: Setting CVar [[r.DetailMode:2]]
[2021.01.02-18.36.48:868][  0]LogConfig: Setting CVar [[r.TranslucencyVolumeBlur:1]]
[2021.01.02-18.36.48:868][  0]LogConfig: Setting CVar [[r.MaterialQualityLevel:1 ; High quality]]
[2021.01.02-18.36.48:868][  0]LogConfig: Setting CVar [[r.SSS.Scale:1]]
[2021.01.02-18.36.48:868][  0]LogConfig: Setting CVar [[r.SSS.SampleSet:2]]
[2021.01.02-18.36.48:868][  0]LogConfig: Setting CVar [[r.SSS.Quality:1]]
[2021.01.02-18.36.48:868][  0]LogConfig: Setting CVar [[r.SSS.HalfRes:0]]
[2021.01.02-18.36.48:869][  0]LogConfig: Setting CVar [[r.SSGI.Quality:3]]
[2021.01.02-18.36.48:869][  0]LogConfig: Setting CVar [[r.EmitterSpawnRateScale:1.0]]
[2021.01.02-18.36.48:869][  0]LogConfig: Setting CVar [[r.ParticleLightQuality:2]]
[2021.01.02-18.36.48:869][  0]LogConfig: Setting CVar [[r.SkyAtmosphere.AerialPerspectiveLUT.FastApplyOnOpaque:1 ; Always have FastSkyLUT 1 in this case to avoid wrong sky]]
[2021.01.02-18.36.48:869][  0]LogConfig: Setting CVar [[r.SkyAtmosphere.AerialPerspectiveLUT.SampleCountPerSlice:1]]
[2021.01.02-18.36.48:869][  0]LogConfig: Setting CVar [[r.SkyAtmosphere.AerialPerspectiveLUT.DepthResolution:16.0]]
[2021.01.02-18.36.48:869][  0]LogConfig: Setting CVar [[r.SkyAtmosphere.FastSkyLUT:1]]
[2021.01.02-18.36.48:869][  0]LogConfig: Setting CVar [[r.SkyAtmosphere.FastSkyLUT.SampleCountMin:4.0]]
[2021.01.02-18.36.48:869][  0]LogConfig: Setting CVar [[r.SkyAtmosphere.FastSkyLUT.SampleCountMax:32.0]]
[2021.01.02-18.36.48:869][  0]LogConfig: Setting CVar [[r.SkyAtmosphere.SampleCountMin:4.0]]
[2021.01.02-18.36.48:869][  0]LogConfig: Setting CVar [[r.SkyAtmosphere.SampleCountMax:32.0]]
[2021.01.02-18.36.48:869][  0]LogConfig: Setting CVar [[r.SkyAtmosphere.TransmittanceLUT.UseSmallFormat:0]]
[2021.01.02-18.36.48:869][  0]LogConfig: Setting CVar [[r.SkyAtmosphere.TransmittanceLUT.SampleCount:10.0]]
[2021.01.02-18.36.48:869][  0]LogConfig: Setting CVar [[r.SkyAtmosphere.MultiScatteringLUT.SampleCount:15.0]]
[2021.01.02-18.36.48:869][  0]LogConfig: Applying CVar settings from Section [FoliageQuality@3] File [C:/Users/ago25/Desktop/TheSign/Curriculari/UnrealEngine/GitStealthGame/StealthGame_Unreal/StealthGame/Saved/Config/Windows/Scalability.ini]
[2021.01.02-18.36.48:869][  0]LogConfig: Setting CVar [[foliage.DensityScale:1.0]]
[2021.01.02-18.36.48:869][  0]LogConfig: Setting CVar [[grass.DensityScale:1.0]]
[2021.01.02-18.36.48:869][  0]LogConfig: Applying CVar settings from Section [ShadingQuality@3] File [C:/Users/ago25/Desktop/TheSign/Curriculari/UnrealEngine/GitStealthGame/StealthGame_Unreal/StealthGame/Saved/Config/Windows/Scalability.ini]
[2021.01.02-18.36.48:869][  0]LogConfig: Setting CVar [[r.HairStrands.SkyLighting.SampleCount:16]]
[2021.01.02-18.36.48:869][  0]LogConfig: Setting CVar [[r.HairStrands.SkyLighting.JitterIntegration:0]]
[2021.01.02-18.36.48:869][  0]LogConfig: Setting CVar [[r.HairStrands.SkyAO.SampleCount:16]]
[2021.01.02-18.36.48:869][  0]LogConfig: Setting CVar [[r.HairStrands.DeepShadow.SuperSampling:0]]
[2021.01.02-18.36.48:869][  0]LogConfig: Setting CVar [[r.HairStrands.VisibilityPPLL:0]]
[2021.01.02-18.36.48:869][  0]LogConfig: Setting CVar [[r.HairStrands.RasterizationScale:0.5]]
[2021.01.02-18.36.48:869][  0]LogConfig: Setting CVar [[r.HairStrands.VelocityRasterizationScale:1]]
[2021.01.02-18.36.48:869][  0]LogConfig: Applying CVar settings from Section [Startup] File [../../../Engine/Config/ConsoleVariables.ini]
[2021.01.02-18.36.48:869][  0]LogConfig: Setting CVar [[net.UseAdaptiveNetUpdateFrequency:0]]
[2021.01.02-18.36.48:869][  0]LogConfig: Setting CVar [[p.chaos.AllowCreatePhysxBodies:1]]
[2021.01.02-18.36.48:869][  0]LogConfig: Setting CVar [[fx.SkipVectorVMBackendOptimizations:1]]
[2021.01.02-18.36.48:869][  0]LogConfig: Applying CVar settings from Section [ConsoleVariables] File [C:/Users/ago25/Desktop/TheSign/Curriculari/UnrealEngine/GitStealthGame/StealthGame_Unreal/StealthGame/Saved/Config/Windows/Engine.ini]
[2021.01.02-18.36.48:869][  0]LogInit: Computer: DESKTOP-6MS0EH0
[2021.01.02-18.36.48:869][  0]LogInit: User: ago25
[2021.01.02-18.36.48:869][  0]LogInit: CPU Page size=4096, Cores=4
[2021.01.02-18.36.48:869][  0]LogInit: High frequency timer resolution =10.000000 MHz
[2021.01.02-18.36.48:869][  0]LogMemory: Memory total: Physical=16.0GB (16GB approx)
[2021.01.02-18.36.48:870][  0]LogMemory: Platform Memory Stats for Windows
[2021.01.02-18.36.48:870][  0]LogMemory: Process Physical Memory: 115.38 MB used, 115.38 MB peak
[2021.01.02-18.36.48:870][  0]LogMemory: Process Virtual Memory: 105.27 MB used, 105.27 MB peak
[2021.01.02-18.36.48:870][  0]LogMemory: Physical Memory: 10028.27 MB used,  6307.54 MB free, 16335.82 MB total
[2021.01.02-18.36.48:870][  0]LogMemory: Virtual Memory: 5138.71 MB used,  134212592.00 MB free, 134217728.00 MB total
[2021.01.02-18.36.48:877][  0]LogWindows: WindowsPlatformFeatures enabled
[2021.01.02-18.36.48:957][  0]LogInit: Physics initialised using underlying interface: PhysX
[2021.01.02-18.36.48:959][  0]LogInit: Using OS detected language (en-GB).
[2021.01.02-18.36.48:959][  0]LogInit: Using OS detected locale (en-GB).
[2021.01.02-18.36.48:989][  0]LogTextLocalizationManager: No specific localization for 'en-GB' exists, so the 'en' localization will be used.
[2021.01.02-18.36.49:432][  0]LogInit: Setting process to per monitor DPI aware
[2021.01.02-18.36.49:531][  0]LogSlate: New Slate User Created.  User Index 0, Is Virtual User: 0
[2021.01.02-18.36.49:531][  0]LogSlate: Slate User Registered.  User Index 0, Is Virtual User: 0
[2021.01.02-18.36.53:479][  0]LogHMD: Failed to initialize OpenVR with code 110
[2021.01.02-18.36.53:479][  0]LogD3D11RHI: D3D11 min allowed feature level: 11_0
[2021.01.02-18.36.53:479][  0]LogD3D11RHI: D3D11 max allowed feature level: 11_0
[2021.01.02-18.36.53:479][  0]LogD3D11RHI: D3D11 adapters:
[2021.01.02-18.36.53:568][  0]LogD3D11RHI:    0. 'NVIDIA GeForce GTX 970' (Feature Level 11_0)
[2021.01.02-18.36.53:568][  0]LogD3D11RHI:       4043/0/8167 MB DedicatedVideo/DedicatedSystem/SharedSystem, Outputs:1, VendorId:0x10de
[2021.01.02-18.36.53:573][  0]LogD3D11RHI:    1. 'Microsoft Basic Render Driver' (Feature Level 11_0)
[2021.01.02-18.36.53:573][  0]LogD3D11RHI:       0/0/8167 MB DedicatedVideo/DedicatedSystem/SharedSystem, Outputs:0, VendorId:0x1414
[2021.01.02-18.36.53:573][  0]LogD3D11RHI: Chosen D3D11 Adapter: 0
[2021.01.02-18.36.53:579][  0]LogD3D11RHI: Creating new Direct3DDevice
[2021.01.02-18.36.53:579][  0]LogD3D11RHI:     GPU DeviceId: 0x13c2 (for the marketing name, search the web for "GPU Device Id")
[2021.01.02-18.36.53:579][  0]LogWindows: EnumDisplayDevices:
[2021.01.02-18.36.53:579][  0]LogWindows:    0. 'NVIDIA GeForce GTX 970' (P:1 D:1)
[2021.01.02-18.36.53:579][  0]LogWindows:    1. 'NVIDIA GeForce GTX 970' (P:0 D:0)
[2021.01.02-18.36.53:579][  0]LogWindows:    2. 'NVIDIA GeForce GTX 970' (P:0 D:0)
[2021.01.02-18.36.53:580][  0]LogWindows:    3. 'NVIDIA GeForce GTX 970' (P:0 D:0)
[2021.01.02-18.36.53:580][  0]LogWindows: DebugString: FoundDriverCount:4 
[2021.01.02-18.36.53:580][  0]LogD3D11RHI:     Adapter Name: NVIDIA GeForce GTX 970
[2021.01.02-18.36.53:580][  0]LogD3D11RHI:   Driver Version: 457.30 (internal:27.21.14.5730, unified:457.30)
[2021.01.02-18.36.53:580][  0]LogD3D11RHI:      Driver Date: 11-6-2020
[2021.01.02-18.36.53:580][  0]LogRHI: Texture pool is 2830 MB (70% of 4043 MB)
[2021.01.02-18.36.53:643][  0]LogD3D11RHI: RHI has support for 64 bit atomics
[2021.01.02-18.36.53:643][  0]LogD3D11RHI: Async texture creation enabled
[2021.01.02-18.36.53:643][  0]LogD3D11RHI: Array index from any shader is supported
[2021.01.02-18.36.53:678][  0]LogD3D11RHI: GPU Timing Frequency: 1000.000000 (Debug: 2 1)
[2021.01.02-18.36.54:038][  0]LogTargetPlatformManager: Display: Loaded TargetPlatform 'AllDesktop'
[2021.01.02-18.36.54:068][  0]LogTargetPlatformManager: Display: Loaded TargetPlatform 'Android'
[2021.01.02-18.36.54:068][  0]LogTargetPlatformManager: Display: Loaded TargetPlatform 'Android_ASTC'
[2021.01.02-18.36.54:068][  0]LogTargetPlatformManager: Display: Loaded TargetPlatform 'Android_DXT'
[2021.01.02-18.36.54:068][  0]LogTargetPlatformManager: Display: Loaded TargetPlatform 'Android_ETC2'
[2021.01.02-18.36.54:068][  0]LogTargetPlatformManager: Display: Loaded TargetPlatform 'AndroidClient'
[2021.01.02-18.36.54:068][  0]LogTargetPlatformManager: Display: Loaded TargetPlatform 'Android_ASTCClient'
[2021.01.02-18.36.54:068][  0]LogTargetPlatformManager: Display: Loaded TargetPlatform 'Android_DXTClient'
[2021.01.02-18.36.54:068][  0]LogTargetPlatformManager: Display: Loaded TargetPlatform 'Android_ETC2Client'
[2021.01.02-18.36.54:068][  0]LogTargetPlatformManager: Display: Loaded TargetPlatform 'Android_Multi'
[2021.01.02-18.36.54:068][  0]LogTargetPlatformManager: Display: Loaded TargetPlatform 'Android_MultiClient'
[2021.01.02-18.36.54:113][  0]LogTargetPlatformManager: Display: Loaded TargetPlatform 'IOSClient'
[2021.01.02-18.36.54:113][  0]LogTargetPlatformManager: Display: Loaded TargetPlatform 'IOS'
[2021.01.02-18.36.54:140][  0]LogTargetPlatformManager: Display: Loaded TargetPlatform 'Linux'
[2021.01.02-18.36.54:153][  0]LogTargetPlatformManager: Display: Loaded TargetPlatform 'LinuxNoEditor'
[2021.01.02-18.36.54:165][  0]LogTargetPlatformManager: Display: Loaded TargetPlatform 'LinuxClient'
[2021.01.02-18.36.54:179][  0]LogTargetPlatformManager: Display: Loaded TargetPlatform 'LinuxServer'
[2021.01.02-18.36.54:193][  0]LogTargetPlatformManager: Display: Loaded TargetPlatform 'LinuxAArch64NoEditor'
[2021.01.02-18.36.54:207][  0]LogTargetPlatformManager: Display: Loaded TargetPlatform 'LinuxAArch64Client'
[2021.01.02-18.36.54:220][  0]LogTargetPlatformManager: Display: Loaded TargetPlatform 'LinuxAArch64Server'
[2021.01.02-18.36.54:263][  0]LogTargetPlatformManager: Display: Loaded TargetPlatform 'Lumin'
[2021.01.02-18.36.54:263][  0]LogTargetPlatformManager: Display: Loaded TargetPlatform 'LuminClient'
[2021.01.02-18.36.54:286][  0]LogTargetPlatformManager: Display: Loaded TargetPlatform 'TVOSClient'
[2021.01.02-18.36.54:287][  0]LogTargetPlatformManager: Display: Loaded TargetPlatform 'TVOS'
[2021.01.02-18.36.54:300][  0]LogTargetPlatformManager: Display: Loaded TargetPlatform 'WindowsNoEditor'
[2021.01.02-18.36.54:313][  0]LogTargetPlatformManager: Display: Loaded TargetPlatform 'Windows'
[2021.01.02-18.36.54:326][  0]LogTargetPlatformManager: Display: Loaded TargetPlatform 'WindowsClient'
[2021.01.02-18.36.54:340][  0]LogTargetPlatformManager: Display: Loaded TargetPlatform 'WindowsServer'
[2021.01.02-18.36.54:340][  0]LogTargetPlatformManager: Display: Building Assets For Windows
[2021.01.02-18.36.54:354][  0]LogAudioDebug: Display: Lib vorbis DLL was dynamically loaded.
[2021.01.02-18.36.54:458][  0]LogShaderCompilers: Guid format shader working directory is -70 characters bigger than the processId version (../../../../../../Users/ago25/Desktop/TheSign/Curriculari/UnrealEngine/GitStealthGame/StealthGame_Unreal/StealthGame/Intermediate/Shaders/WorkingDirectory/9488/).
[2021.01.02-18.36.54:458][  0]LogShaderCompilers: Cleaned the shader compiler working directory 'C:/Users/ago25/AppData/Local/Temp/UnrealShaderWorkingDir/C2E07DE2466E9C452F2EE295A8F6B913/'.
[2021.01.02-18.36.54:460][  0]LogXGEController: Cannot use XGE Controller as Incredibuild is not installed on this machine.
[2021.01.02-18.36.54:460][  0]LogShaderCompilers: Cannot use XGE Shader Compiler as Incredibuild is not installed on this machine.
[2021.01.02-18.36.54:460][  0]LogShaderCompilers: Display: Using Local Shader Compiler.
[2021.01.02-18.36.58:825][  0]LogDerivedDataCache: Display: Max Cache Size: 512 MB
[2021.01.02-18.36.59:082][  0]LogDerivedDataCache: Loaded boot cache 0.26s 79MB C:/Users/ago25/AppData/Local/UnrealEngine/4.25/DerivedDataCache/Boot.ddc.
[2021.01.02-18.36.59:082][  0]LogDerivedDataCache: Display: Loaded Boot cache: C:/Users/ago25/AppData/Local/UnrealEngine/4.25/DerivedDataCache/Boot.ddc
[2021.01.02-18.36.59:083][  0]LogDerivedDataCache: FDerivedDataBackendGraph:  Pak pak cache file ../../../../../../Users/ago25/Desktop/TheSign/Curriculari/UnrealEngine/GitStealthGame/StealthGame_Unreal/StealthGame/DerivedDataCache/DDC.ddp not found, will not use a pak cache.
[2021.01.02-18.36.59:083][  0]LogDerivedDataCache: Unable to find inner node Pak for hierarchical cache Hierarchy.
[2021.01.02-18.36.59:083][  0]LogDerivedDataCache: FDerivedDataBackendGraph:  CompressedPak pak cache file ../../../../../../Users/ago25/Desktop/TheSign/Curriculari/UnrealEngine/GitStealthGame/StealthGame_Unreal/StealthGame/DerivedDataCache/Compressed.ddp not found, will not use a pak cache.
[2021.01.02-18.36.59:083][  0]LogDerivedDataCache: Unable to find inner node CompressedPak for hierarchical cache Hierarchy.
[2021.01.02-18.36.59:105][  0]LogDerivedDataCache: Display: Pak cache opened for reading ../../../Engine/DerivedDataCache/Compressed.ddp.
[2021.01.02-18.36.59:105][  0]LogDerivedDataCache: FDerivedDataBackendGraph:  EnterprisePak pak cache file ../../../Enterprise/DerivedDataCache/Compressed.ddp not found, will not use a pak cache.
[2021.01.02-18.36.59:105][  0]LogDerivedDataCache: Unable to find inner node EnterprisePak for hierarchical cache Hierarchy.
[2021.01.02-18.36.59:107][  0]LogDerivedDataCache: Using Local data cache path C:/Users/ago25/AppData/Local/UnrealEngine/Common/DerivedDataCache: Writable
[2021.01.02-18.36.59:107][  0]LogDerivedDataCache: Shared data cache path not found in *engine.ini, will not use an Shared cache.
[2021.01.02-18.36.59:107][  0]LogDerivedDataCache: Unable to find inner node Shared for hierarchical cache Hierarchy.
[2021.01.02-18.36.59:182][  0]LogSlate: Using FreeType 2.10.0
[2021.01.02-18.36.59:198][  0]LogSlate: SlateFontServices - WITH_FREETYPE: 1, WITH_HARFBUZZ: 1
[2021.01.02-18.36.59:279][  0]LogAssetRegistry: FAssetRegistry took 0.0035 seconds to start up
[2021.01.02-18.36.59:563][  0]LogInit: Selected Device Profile: [Windows]
[2021.01.02-18.36.59:734][  0]LogMeshReduction: Using QuadricMeshReduction for automatic static mesh reduction
[2021.01.02-18.36.59:734][  0]LogMeshReduction: Using SimplygonMeshReduction for automatic skeletal mesh reduction
[2021.01.02-18.36.59:734][  0]LogMeshReduction: Using ProxyLODMeshReduction for automatic mesh merging
[2021.01.02-18.36.59:734][  0]LogMeshReduction: No distributed automatic mesh merging module available
[2021.01.02-18.36.59:734][  0]LogMeshMerging: No distributed automatic mesh merging module available
[2021.01.02-18.36.59:753][  0]LogNetVersion: StealthGame 1.0.0, NetCL: 13144385, EngineNetVer: 14, GameNetVer: 0 (Checksum: 2868638262)
[2021.01.02-18.37.00:633][  0]LogAISub: UAISubsystem::UAISubsystem AISubsystem (0000025E09575D00), frame # 0
[2021.01.02-18.37.00:633][  0]LogAISub: UAISubsystem::UAISubsystem AIPerceptionSystem (0000025E094DD080), frame # 0
[2021.01.02-18.37.00:635][  0]LogAISub: UAISubsystem::UAISubsystem EnvQueryManager (0000025E0952DC00), frame # 0
[2021.01.02-18.37.00:737][  0]LogPackageLocalizationCache: Processed 19 localized package path(s) for 1 prioritized culture(s) in 0.094702 seconds
[2021.01.02-18.37.00:742][  0]LogUObjectArray: 15917 objects as part of root set at end of initial load.
[2021.01.02-18.37.00:742][  0]LogUObjectAllocator: 3965568 out of 0 bytes used by permanent object pool.
[2021.01.02-18.37.00:742][  0]LogUObjectArray: CloseDisregardForGC: 0/0 objects in disregard for GC pool
[2021.01.02-18.37.01:335][  0]LogTcpMessaging: Initializing TcpMessaging bridge
[2021.01.02-18.37.01:343][  0]LogUdpMessaging: Initializing bridge on interface 0.0.0.0:0 to multicast group 230.0.0.1:6666.
[2021.01.02-18.37.01:620][  0]SourceControl: Source control is disabled
[2021.01.02-18.37.01:620][  0]SourceControl: Source control is disabled
[2021.01.02-18.37.01:627][  0]SourceControl: Source control is disabled
[2021.01.02-18.37.01:632][  0]SourceControl: Source control is disabled
[2021.01.02-18.37.01:646][  0]SourceControl: Source control is disabled
[2021.01.02-18.37.02:062][  0]LogAndroidPermission: UAndroidPermissionCallbackProxy::GetInstance
[2021.01.02-18.37.02:092][  0]LogAudioCaptureCore: Display: No Audio Capture implementations found. Audio input will be silent.
[2021.01.02-18.37.02:092][  0]LogAudioCaptureCore: Display: No Audio Capture implementations found. Audio input will be silent.
[2021.01.02-18.37.02:170][  0]LogOcInput: OculusInput pre-init called
[2021.01.02-18.37.02:198][  0]LogWindows: Failed to load 'OVRPlugin.dll' (GetLastError=126)
[2021.01.02-18.37.02:198][  0]LogWindows: File 'OVRPlugin.dll' does not exist
[2021.01.02-18.37.02:284][  0]LogClass: Warning: FPatrolPoint::position is not initialized properly
[2021.01.02-18.37.02:284][  0]LogClass: Warning: FPatrolPoint::ViewDirection is not initialized properly
[2021.01.02-18.37.02:284][  0]LogClass: Warning: FPatrolPoint::time is not initialized properly
[2021.01.02-18.37.02:284][  0]LogClass: Display: 3 Uninitialized script stuct members found
[2021.01.02-18.37.02:285][  0]LogAutomationTest: Warning: FPatrolPoint::position is not initialized properly
[2021.01.02-18.37.02:285][  0]LogAutomationTest: Warning: FPatrolPoint::ViewDirection is not initialized properly
[2021.01.02-18.37.02:285][  0]LogAutomationTest: Warning: FPatrolPoint::time is not initialized properly
[2021.01.02-18.37.02:285][  0]LogEngine: Initializing Engine...
[2021.01.02-18.37.02:287][  0]LogHMD: Failed to initialize OpenVR with code 110
[2021.01.02-18.37.02:287][  0]LogMagicLeap: Warning: VR disabled because ZI is not enabled.  To enable, in the editor, Edit -> Project Settings -> Plugins -> Magic Leap Plugin -> Enable Zero Iteration
[2021.01.02-18.37.02:288][  0]LogStats: UGameplayTagsManager::InitializeManager -  0.000 s
[2021.01.02-18.37.02:438][  0]LogInit: Initializing FReadOnlyCVARCache
[2021.01.02-18.37.02:450][  0]LogAIModule: Creating AISystem for world Untitled
[2021.01.02-18.37.02:450][  0]LogAISub: UAISubsystem::UAISubsystem EnvQueryManager (0000025E0BDE5800), frame # 0
[2021.01.02-18.37.02:450][  0]LogAISub: UAISubsystem::UAISubsystem AIPerceptionSystem (0000025E0BE2CCC0), frame # 0
[2021.01.02-18.37.02:476][  0]LogAudioMixer: Display: Audio Mixer Platform Settings:
[2021.01.02-18.37.02:476][  0]LogAudioMixer: Display: 	Sample Rate:						  48000
[2021.01.02-18.37.02:476][  0]LogAudioMixer: Display: 	Callback Buffer Frame Size Requested: 1024
[2021.01.02-18.37.02:476][  0]LogAudioMixer: Display: 	Callback Buffer Frame Size To Use:	  1024
[2021.01.02-18.37.02:476][  0]LogAudioMixer: Display: 	Number of buffers to queue:			  2
[2021.01.02-18.37.02:476][  0]LogAudioMixer: Display: 	Max Channels (voices):				  32
[2021.01.02-18.37.02:476][  0]LogAudioMixer: Display: 	Number of Async Source Workers:		  0
[2021.01.02-18.37.02:476][  0]LogAudio: Display: AudioDevice MaxSources: 32
[2021.01.02-18.37.02:476][  0]LogAudio: Display: Using built-in audio occlusion.
[2021.01.02-18.37.02:477][  0]LogAudioMixer: Display: Initializing audio mixer.
[2021.01.02-18.37.02:496][  0]LogAudioMixer: Display: 0: FrontLeft
[2021.01.02-18.37.02:496][  0]LogAudioMixer: Display: 1: FrontRight
[2021.01.02-18.37.02:496][  0]LogAudioMixer: Display: 2: FrontCenter
[2021.01.02-18.37.02:496][  0]LogAudioMixer: Display: 3: LowFrequency
[2021.01.02-18.37.02:496][  0]LogAudioMixer: Display: 4: BackLeft
[2021.01.02-18.37.02:496][  0]LogAudioMixer: Display: 5: BackRight
[2021.01.02-18.37.02:496][  0]LogAudioMixer: Display: 6: SideLeft
[2021.01.02-18.37.02:496][  0]LogAudioMixer: Display: 7: SideRight
[2021.01.02-18.37.02:543][  0]LogAudioMixer: Display: Using Audio Device Altoparlanti (Logitech G430 Gaming Headset)
[2021.01.02-18.37.02:549][  0]LogAudioMixer: Display: Initializing Sound Submixes...
[2021.01.02-18.37.02:552][  0]LogAudioMixer: Display: Creating Master Submix 'MasterSubmixDefault'
[2021.01.02-18.37.02:552][  0]LogAudioMixer: Display: Creating Master Submix 'MasterReverbSubmixDefault'
[2021.01.02-18.37.02:554][  0]LogAudioMixer: Display: Creating Master Submix 'MasterEQSubmixDefault'
[2021.01.02-18.37.02:555][  0]LogInit: FAudioDevice initialized.
[2021.01.02-18.37.02:555][  0]LogNetVersion: Set ProjectVersion to 1.0.0.0. Version Checksum will be recalculated on next use.
[2021.01.02-18.37.02:757][  0]LogDerivedDataCache: Saved boot cache 0.20s 79MB C:/Users/ago25/AppData/Local/UnrealEngine/4.25/DerivedDataCache/Boot.ddc.
[2021.01.02-18.37.02:762][  0]LogInit: Texture streaming: Enabled
[2021.01.02-18.37.02:827][  0]LogEngineSessionManager: EngineSessionManager initialized
[2021.01.02-18.37.02:827][  0]LogEditorSessionSummary: Verbose: Initializing EditorSessionSummaryWriter for editor session tracking
[2021.01.02-18.37.02:829][  0]LogEditorSessionSummary: EditorSessionSummaryWriter initialized
[2021.01.02-18.37.02:914][  0]LogInit: Transaction tracking system initialized
[2021.01.02-18.37.02:951][  0]BlueprintLog: New page: Editor Load
[2021.01.02-18.37.03:077][  0]LocalizationService: Localization service is disabled
[2021.01.02-18.37.03:324][  0]LogCook: Display: Max memory allowance for cook 16384mb min free memory 0mb
[2021.01.02-18.37.03:324][  0]LogCook: Display: Mobile HDR setting 1
[2021.01.02-18.37.03:637][  0]LogFileCache: Scanning file cache for directory 'C:/Users/ago25/Desktop/TheSign/Curriculari/UnrealEngine/GitStealthGame/StealthGame_Unreal/StealthGame/Content/' took 0.01s
[2021.01.02-18.37.03:935][  0]SourceControl: Source control is disabled
[2021.01.02-18.37.03:935][  0]LogUnrealEdMisc: Loading editor; pre map load, took 17.796
[2021.01.02-18.37.03:936][  0]LightingResults: New page: Lighting Build
[2021.01.02-18.37.03:938][  0]LogWorld: UWorld::CleanupWorld for Untitled, bSessionEnded=true, bCleanupResources=true
[2021.01.02-18.37.03:938][  0]LogSlate: InvalidateAllWidgets triggered.  All widgets were invalidated
[2021.01.02-18.37.03:938][  0]MapCheck: New page: Map Check
[2021.01.02-18.37.03:938][  0]LightingResults: New page: Lighting Build
[2021.01.02-18.37.03:951][  0]LogAISub: UAISubsystem::~UAISubsystem EnvQueryManager (0000025E0BDE5800), frame # 0
[2021.01.02-18.37.03:951][  0]LogAISub: UAISubsystem::~UAISubsystem AIPerceptionSystem (0000025E0BE2CCC0), frame # 0
[2021.01.02-18.37.03:952][  0]LogUObjectHash: Compacting FUObjectHashTables data took   0.94ms
[2021.01.02-18.37.04:368][  0]LogAIModule: Creating AISystem for world ThirdPersonExampleMap
[2021.01.02-18.37.04:368][  0]LogAISub: UAISubsystem::UAISubsystem EnvQueryManager (0000025E00A42000), frame # 0
[2021.01.02-18.37.04:368][  0]LogAISub: UAISubsystem::UAISubsystem AIPerceptionSystem (0000025E1C33A480), frame # 0
[2021.01.02-18.37.04:373][  0]LogScript: Warning: Accessed None trying to read property CallFunc_GetPlayerPawn_ReturnValue
	Enemy_AnimBlueprint_C /Game/ThirdPersonCPP/Maps/ThirdPersonExampleMap.ThirdPersonExampleMap:PersistentLevel.Guard_2.CharacterMesh0.Enemy_AnimBlueprint_C_0
	Function /Game/AnimStarterPack/Enemy_AnimBlueprint.Enemy_AnimBlueprint_C:ExecuteUbergraph_Enemy_AnimBlueprint:050A
[2021.01.02-18.37.04:373][  0]LogScript: Warning: Accessed None trying to read property CallFunc_GetPlayerPawn_ReturnValue
	Enemy_AnimBlueprint_C /Game/ThirdPersonCPP/Maps/ThirdPersonExampleMap.ThirdPersonExampleMap:PersistentLevel.Guard_2.CharacterMesh0.Enemy_AnimBlueprint_C_0
	Function /Game/AnimStarterPack/Enemy_AnimBlueprint.Enemy_AnimBlueprint_C:ExecuteUbergraph_Enemy_AnimBlueprint:06B7
[2021.01.02-18.37.04:375][  0]LogEditorServer: Finished looking for orphan Actors (0.000 secs)
[2021.01.02-18.37.04:403][  0]LogUObjectHash: Compacting FUObjectHashTables data took   1.04ms
[2021.01.02-18.37.04:404][  0]Cmd: MAP CHECKDEP NOCLEARLOG
[2021.01.02-18.37.04:404][  0]MapCheck: Map check complete: 0 Error(s), 0 Warning(s), took 0.273ms to complete.
[2021.01.02-18.37.04:404][  0]LogFileHelpers: Loading map 'ThirdPersonExampleMap' took 0.469
[2021.01.02-18.37.04:408][  0]LogUnrealEdMisc: Total Editor Startup Time, took 18.268
[2021.01.02-18.37.04:540][  0]LogSlate: Updating window title bar state: overlay mode, drag disabled, window buttons hidden, title bar hidden
[2021.01.02-18.37.04:550][  0]LogSlate: Updating window title bar state: overlay mode, drag disabled, window buttons hidden, title bar hidden
[2021.01.02-18.37.04:558][  0]LogSlate: Updating window title bar state: overlay mode, drag disabled, window buttons hidden, title bar hidden
[2021.01.02-18.37.04:566][  0]LogSlate: Updating window title bar state: overlay mode, drag disabled, window buttons hidden, title bar hidden
[2021.01.02-18.37.04:576][  0]LogCollectionManager: Loaded 0 collections in 0.003031 seconds
[2021.01.02-18.37.04:596][  0]LogFileCache: Scanning file cache for directory 'C:/Users/ago25/Desktop/TheSign/Curriculari/UnrealEngine/GitStealthGame/StealthGame_Unreal/StealthGame/Saved/Collections/' took 0.00s
[2021.01.02-18.37.04:596][  0]LogFileCache: Scanning file cache for directory 'C:/Users/ago25/Desktop/TheSign/Curriculari/UnrealEngine/GitStealthGame/StealthGame_Unreal/StealthGame/Content/Developers/ago25/Collections/' took 0.00s
[2021.01.02-18.37.04:596][  0]LogFileCache: Scanning file cache for directory 'C:/Users/ago25/Desktop/TheSign/Curriculari/UnrealEngine/GitStealthGame/StealthGame_Unreal/StealthGame/Content/Collections/' took 0.00s
[2021.01.02-18.37.04:597][  0]LogContentBrowser: Native class hierarchy populated in 0.0107 seconds. Added 3433 classes and 824 folders.
[2021.01.02-18.37.04:602][  0]LogContentBrowser: Native class hierarchy updated for 'WidgetCarousel' in 0.0005 seconds. Added 0 classes and 0 folders.
[2021.01.02-18.37.05:273][  0]LogContentBrowser: Native class hierarchy updated for 'AddContentDialog' in 0.0006 seconds. Added 0 classes and 0 folders.
[2021.01.02-18.37.05:278][  0]LogContentBrowser: Native class hierarchy updated for 'SceneOutliner' in 0.0007 seconds. Added 2 classes and 0 folders.
[2021.01.02-18.37.05:417][  0]LogSlate: Took 0.007883 seconds to synchronously load lazily loaded font '../../../Engine/Content/Slate/Fonts/Roboto-Regular.ttf' (155K)
[2021.01.02-18.37.05:429][  0]LogSlate: Took 0.010293 seconds to synchronously load lazily loaded font '../../../Engine/Content/Slate/Fonts/Roboto-Bold.ttf' (160K)
[2021.01.02-18.37.05:441][  0]LogSlate: Took 0.007196 seconds to synchronously load lazily loaded font '../../../Engine/Content/Editor/Slate/Fonts/FontAwesome.ttf' (139K)
[2021.01.02-18.37.05:519][  0]LogRenderer: Reallocating scene render targets to support 1164x556 Format 10 NumSamples 1 (Frame:1).
[2021.01.02-18.37.05:582][  0]LogSlate: Took 0.008139 seconds to synchronously load lazily loaded font '../../../Engine/Content/Slate/Fonts/Roboto-Light.ttf' (167K)
[2021.01.02-18.37.05:646][  0]LogContentBrowser: Native class hierarchy updated for 'HierarchicalLODOutliner' in 0.0005 seconds. Added 0 classes and 0 folders.
[2021.01.02-18.37.05:646][  0]LogLoad: (Engine Initialization) Total time: 19.51 seconds
[2021.01.02-18.37.05:646][  0]LogLoad: (Engine Initialization) Total Blueprint compile time: 0.00 seconds
[2021.01.02-18.37.05:686][  0]LogScript: Warning: Accessed None trying to read property CallFunc_GetPlayerPawn_ReturnValue
	Enemy_AnimBlueprint_C /Engine/Transient.World_0:PersistentLevel.Guard_C_0.CharacterMesh0.Enemy_AnimBlueprint_C_0
	Function /Game/AnimStarterPack/Enemy_AnimBlueprint.Enemy_AnimBlueprint_C:ExecuteUbergraph_Enemy_AnimBlueprint:050A
[2021.01.02-18.37.05:686][  0]LogScript: Warning: Accessed None trying to read property CallFunc_GetPlayerPawn_ReturnValue
	Enemy_AnimBlueprint_C /Engine/Transient.World_0:PersistentLevel.Guard_C_0.CharacterMesh0.Enemy_AnimBlueprint_C_0
	Function /Game/AnimStarterPack/Enemy_AnimBlueprint.Enemy_AnimBlueprint_C:ExecuteUbergraph_Enemy_AnimBlueprint:06B7
[2021.01.02-18.37.05:722][  0]LogAssetRegistry: Asset discovery search completed in 6.4432 seconds
[2021.01.02-18.37.05:726][  0]LogCollectionManager: Fixed up redirectors for 0 collections in 0.000003 seconds (updated 0 objects)
[2021.01.02-18.37.05:727][  0]LogContentStreaming: Texture pool size now 1000 MB
[2021.01.02-18.37.26:840][263]LogSlate: Took 0.000192 seconds to synchronously load lazily loaded font '../../../Engine/Content/Slate/Fonts/Roboto-Light.ttf' (167K)
[2021.01.02-18.37.26:851][263]LogAssetEditorSubsystem: Opening Asset editor for Blueprint /Game/GuardAIController.GuardAIController
[2021.01.02-18.37.27:114][263]LogContentBrowser: Native class hierarchy updated for 'BlueprintGraph' in 0.0008 seconds. Added 125 classes and 0 folders.
[2021.01.02-18.37.29:702][446]LogSlate: Window 'GuardAIController' being destroyed
[2021.01.02-18.37.29:727][446]LogWorld: UWorld::CleanupWorld for World_2, bSessionEnded=true, bCleanupResources=true
[2021.01.02-18.37.29:727][446]LogSlate: InvalidateAllWidgets triggered.  All widgets were invalidated
[2021.01.02-18.37.29:797][446]LogAssetEditorSubsystem: Opening Asset editor for Blueprint /Game/GuardAIController.GuardAIController
[2021.01.02-18.37.30:263][446]LogSlate: Took 0.001078 seconds to synchronously load lazily loaded font '../../../Engine/Content/Slate/Fonts/Roboto-BoldCondensed.ttf' (158K)
[2021.01.02-18.37.30:997][502]LogSlate: Took 0.000210 seconds to synchronously load lazily loaded font '../../../Engine/Content/Slate/Fonts/Roboto-Italic.ttf' (157K)
[2021.01.02-18.38.39:642][130]Candidate modules for hot reload:
[2021.01.02-18.38.39:642][130]  StealthGame
[2021.01.02-18.38.39:642][130]Launching UnrealBuildTool... [C:/Program Files/Epic Games/UE_4.25/Engine/Binaries/DotNET/UnrealBuildTool.exe  -ModuleWithSuffix=StealthGame,4312 StealthGameEditor Win64 Development -Project="C:/Users/ago25/Desktop/TheSign/Curriculari/UnrealEngine/GitStealthGame/StealthGame_Unreal/StealthGame/StealthGame.uproject" "C:/Users/ago25/Desktop/TheSign/Curriculari/UnrealEngine/GitStealthGame/StealthGame_Unreal/StealthGame/StealthGame.uproject"  -IgnoreJunk]
[2021.01.02-18.38.39:645][130]Warning: Starting HotReload took  0.0s.
[2021.01.02-18.38.46:029][319]CompilerResultsLog: New page: Compilation - 2 Jan 2021, 20:38:46
[2021.01.02-18.38.46:029][319]CompilerResultsLog: Using 'git status' to determine working set for adaptive non-unity build (C:\Users\ago25\Desktop\TheSign\Curriculari\UnrealEngine\GitStealthGame\StealthGame_Unreal).
[2021.01.02-18.38.46:029][319]CompilerResultsLog: Building StealthGameEditor...
[2021.01.02-18.38.46:029][319]CompilerResultsLog: Using Visual Studio 2019 14.27.29111 toolchain (C:\Program Files (x86)\Microsoft Visual Studio\2019\Community\VC\Tools\MSVC\14.27.29110) and Windows 10.0.19041.0 SDK (C:\Program Files (x86)\Windows Kits\10).
[2021.01.02-18.38.46:029][319]CompilerResultsLog: Building 4 actions with 4 processes...
[2021.01.02-18.38.46:029][319]CompilerResultsLog:   [1/4] EnemyAIController.cpp
[2021.01.02-18.38.46:029][319]CompilerResultsLog:   [2/4] UE4Editor-StealthGame-4312.lib
[2021.01.02-18.38.46:029][319]CompilerResultsLog:      Creazione della libreria C:\Users\ago25\Desktop\TheSign\Curriculari\UnrealEngine\GitStealthGame\StealthGame_Unreal\StealthGame\Intermediate\Build\Win64\UE4Editor\Development\StealthGame\UE4Editor-StealthGame-4312.lib e dell'oggetto C:\Users\ago25\Desktop\TheSign\Curriculari\UnrealEngine\GitStealthGame\StealthGame_Unreal\StealthGame\Intermediate\Build\Win64\UE4Editor\Development\StealthGame\UE4Editor-StealthGame-4312.exp
[2021.01.02-18.38.46:029][319]CompilerResultsLog:   [3/4] UE4Editor-StealthGame-4312.dll
[2021.01.02-18.38.46:029][319]CompilerResultsLog:      Creazione della libreria C:\Users\ago25\Desktop\TheSign\Curriculari\UnrealEngine\GitStealthGame\StealthGame_Unreal\StealthGame\Intermediate\Build\Win64\UE4Editor\Development\StealthGame\UE4Editor-StealthGame-4312.suppressed.lib e dell'oggetto C:\Users\ago25\Desktop\TheSign\Curriculari\UnrealEngine\GitStealthGame\StealthGame_Unreal\StealthGame\Intermediate\Build\Win64\UE4Editor\Development\StealthGame\UE4Editor-StealthGame-4312.suppressed.exp
[2021.01.02-18.38.46:029][319]CompilerResultsLog:   [4/4] StealthGameEditor.target
[2021.01.02-18.38.46:029][319]CompilerResultsLog: Total time in Parallel executor: 4.59 seconds
[2021.01.02-18.38.46:029][319]CompilerResultsLog: Total execution time: 6.12 seconds
[2021.01.02-18.38.46:029][319]LogMainFrame: MainFrame: Module compiling took 6.391 seconds
[2021.01.02-18.38.46:067][319]LogClass: PatrolPoint HotReload.
[2021.01.02-18.38.46:074][319]LogHotReload: Re-instancing EnemyAIController after hot-reload.
[2021.01.02-18.38.46:120][319]LogContentBrowser: Native class hierarchy updated for 'StealthGame' in 0.0006 seconds. Added 6 classes and 3 folders.
[2021.01.02-18.38.46:125][319]Display: HotReload successful (3 functions remapped  1 scriptstructs remapped)
[2021.01.02-18.38.46:251][319]LogContentBrowser: Native class hierarchy populated in 0.0118 seconds. Added 3433 classes and 824 folders.
[2021.01.02-18.38.46:251][319]Display: HotReload took  6.6s.
[2021.01.02-18.39.57:681][661]LogAssetEditorSubsystem: Opening Asset editor for Class /Script/StealthGame.EnemyAIController
[2021.01.02-18.43.32:110][330]LogTemp: Resetting audio stream to device id 
[2021.01.02-18.43.32:130][330]LogAudioMixer: Display: 0: FrontLeft
[2021.01.02-18.43.32:130][330]LogAudioMixer: Display: 1: FrontRight
[2021.01.02-18.43.32:130][330]LogAudioMixer: Display: 2: FrontCenter
[2021.01.02-18.43.32:130][330]LogAudioMixer: Display: 3: LowFrequency
[2021.01.02-18.43.32:130][330]LogAudioMixer: Display: 4: BackLeft
[2021.01.02-18.43.32:130][330]LogAudioMixer: Display: 5: BackRight
[2021.01.02-18.43.32:130][330]LogAudioMixer: Display: 6: SideLeft
[2021.01.02-18.43.32:130][330]LogAudioMixer: Display: 7: SideRight
[2021.01.02-19.00.22:173][339]LogTemp: Resetting audio stream to device id 
[2021.01.02-19.00.22:242][339]LogAudioMixer: Display: 0: FrontLeft
[2021.01.02-19.00.22:242][339]LogAudioMixer: Display: 1: FrontRight
[2021.01.02-19.00.22:242][339]LogAudioMixer: Display: 2: FrontCenter
[2021.01.02-19.00.22:242][339]LogAudioMixer: Display: 3: LowFrequency
[2021.01.02-19.00.22:242][339]LogAudioMixer: Display: 4: BackLeft
[2021.01.02-19.00.22:242][339]LogAudioMixer: Display: 5: BackRight
[2021.01.02-19.00.22:242][339]LogAudioMixer: Display: 6: SideLeft
[2021.01.02-19.00.22:242][339]LogAudioMixer: Display: 7: SideRight
[2021.01.02-19.00.25:192][349]LogHttp: Warning: 0000025E875A7900: invalid HTTP response code received. URL: https://datarouter.ol.epicgames.com/datarouter/api/v1/public/data?SessionID=%7B847379C4-4076-4442-59A5-5EA2B9759EFE%7D&AppID=UEEditor.Rocket.Release&AppVersion=4.25.4-14469661%2B%2B%2BUE4%2BRelease-4.25&UserID=c3b7aaf8470d6dcd1d7b7c8968ff8cac%7C615b722b5a784a82b2680cb794d0e7b8%7C58d144b7-622b-41cf-9a02-96961942171f&AppEnvironment=datacollector-source&UploadType=eteventstream, HTTP code: 0, content length: 0, actual payload size: 0
[2021.01.02-19.00.25:192][349]LogHttp: Warning: 0000025E875A7900: request failed, libcurl error: 56 (Failure when receiving data from the peer)
[2021.01.02-19.00.25:192][349]LogHttp: Warning: 0000025E875A7900: libcurl info message cache 0 (Found bundle for host datarouter.ol.epicgames.com: 0x25e68477f70 [can pipeline])
[2021.01.02-19.00.25:192][349]LogHttp: Warning: 0000025E875A7900: libcurl info message cache 1 (Re-using existing connection! (#3) with host datarouter.ol.epicgames.com)
[2021.01.02-19.00.25:192][349]LogHttp: Warning: 0000025E875A7900: libcurl info message cache 2 (Connected to datarouter.ol.epicgames.com (34.232.184.191) port 443 (#3))
[2021.01.02-19.00.25:192][349]LogHttp: Warning: 0000025E875A7900: libcurl info message cache 3 (We are completely uploaded and fine)
[2021.01.02-19.00.25:192][349]LogHttp: Warning: 0000025E875A7900: libcurl info message cache 4 (OpenSSL SSL_read: SSL_ERROR_SYSCALL, errno 10054)
[2021.01.02-19.00.25:192][349]LogHttp: Warning: 0000025E875A7900: libcurl info message cache 5 (Connection died, retrying a fresh connect)
[2021.01.02-19.00.25:192][349]LogHttp: Warning: 0000025E875A7900: libcurl info message cache 6 (necessary data rewind wasn't possible)
[2021.01.02-19.00.25:192][349]LogHttp: Warning: 0000025E875A7900: libcurl info message cache 7 (Closing connection 3)
[2021.01.02-19.00.25:521][350]LogHttp: Warning: Retry exhausted on https://datarouter.ol.epicgames.com/datarouter/api/v1/public/data?SessionID=%7B847379C4-4076-4442-59A5-5EA2B9759EFE%7D&AppID=UEEditor.Rocket.Release&AppVersion=4.25.4-14469661%2B%2B%2BUE4%2BRelease-4.25&UserID=c3b7aaf8470d6dcd1d7b7c8968ff8cac%7C615b722b5a784a82b2680cb794d0e7b8%7C58d144b7-622b-41cf-9a02-96961942171f&AppEnvironment=datacollector-source&UploadType=eteventstream
[2021.01.02-19.07.28:451][715]Candidate modules for hot reload:
[2021.01.02-19.07.28:451][715]  StealthGame
[2021.01.02-19.07.28:451][715]Launching UnrealBuildTool... [C:/Program Files/Epic Games/UE_4.25/Engine/Binaries/DotNET/UnrealBuildTool.exe  -ModuleWithSuffix=StealthGame,4509 StealthGameEditor Win64 Development -Project="C:/Users/ago25/Desktop/TheSign/Curriculari/UnrealEngine/GitStealthGame/StealthGame_Unreal/StealthGame/StealthGame.uproject" "C:/Users/ago25/Desktop/TheSign/Curriculari/UnrealEngine/GitStealthGame/StealthGame_Unreal/StealthGame/StealthGame.uproject"  -IgnoreJunk]
[2021.01.02-19.07.28:456][715]Warning: Starting HotReload took  0.0s.
[2021.01.02-19.08.05:079][471]CompilerResultsLog: New page: Compilation - 2 Jan 2021, 21:08:05
[2021.01.02-19.08.05:079][471]CompilerResultsLog: Using 'git status' to determine working set for adaptive non-unity build (C:\Users\ago25\Desktop\TheSign\Curriculari\UnrealEngine\GitStealthGame\StealthGame_Unreal).
[2021.01.02-19.08.05:080][471]CompilerResultsLog: Parsing headers for StealthGameEditor
[2021.01.02-19.08.05:080][471]CompilerResultsLog:   Running UnrealHeaderTool "C:\Users\ago25\Desktop\TheSign\Curriculari\UnrealEngine\GitStealthGame\StealthGame_Unreal\StealthGame\StealthGame.uproject" "C:\Users\ago25\Desktop\TheSign\Curriculari\UnrealEngine\GitStealthGame\StealthGame_Unreal\StealthGame\Intermediate\Build\Win64\StealthGameEditor\Development\StealthGameEditor.uhtmanifest" -LogCmds="loginit warning, logexit warning, logdatabase error" -Unattended -WarningsAsErrors -abslog="C:\Users\ago25\AppData\Local\UnrealBuildTool\Log_UHT.txt" -installed
[2021.01.02-19.08.05:080][471]CompilerResultsLog: Reflection code generated for StealthGameEditor in 12.1243663 seconds
[2021.01.02-19.08.05:080][471]CompilerResultsLog: Building StealthGameEditor...
[2021.01.02-19.08.05:080][471]CompilerResultsLog: Using Visual Studio 2019 14.27.29111 toolchain (C:\Program Files (x86)\Microsoft Visual Studio\2019\Community\VC\Tools\MSVC\14.27.29110) and Windows 10.0.19041.0 SDK (C:\Program Files (x86)\Windows Kits\10).
[2021.01.02-19.08.05:080][471]CompilerResultsLog: Building 6 actions with 4 processes...
[2021.01.02-19.08.05:080][471]CompilerResultsLog:   [1/6] StealthGame.init.gen.cpp
[2021.01.02-19.08.05:080][471]CompilerResultsLog:   [2/6] EnemyAIController.gen.cpp
[2021.01.02-19.08.05:080][471]CompilerResultsLog:   [3/6] EnemyAIController.cpp
[2021.01.02-19.08.05:080][471]CompilerResultsLog:   [4/6] UE4Editor-StealthGame-4509.lib
[2021.01.02-19.08.05:080][471]CompilerResultsLog:      Creazione della libreria C:\Users\ago25\Desktop\TheSign\Curriculari\UnrealEngine\GitStealthGame\StealthGame_Unreal\StealthGame\Intermediate\Build\Win64\UE4Editor\Development\StealthGame\UE4Editor-StealthGame-4509.lib e dell'oggetto C:\Users\ago25\Desktop\TheSign\Curriculari\UnrealEngine\GitStealthGame\StealthGame_Unreal\StealthGame\Intermediate\Build\Win64\UE4Editor\Development\StealthGame\UE4Editor-StealthGame-4509.exp
[2021.01.02-19.08.05:080][471]CompilerResultsLog:   [5/6] UE4Editor-StealthGame-4509.dll
[2021.01.02-19.08.05:080][471]CompilerResultsLog:      Creazione della libreria C:\Users\ago25\Desktop\TheSign\Curriculari\UnrealEngine\GitStealthGame\StealthGame_Unreal\StealthGame\Intermediate\Build\Win64\UE4Editor\Development\StealthGame\UE4Editor-StealthGame-4509.suppressed.lib e dell'oggetto C:\Users\ago25\Desktop\TheSign\Curriculari\UnrealEngine\GitStealthGame\StealthGame_Unreal\StealthGame\Intermediate\Build\Win64\UE4Editor\Development\StealthGame\UE4Editor-StealthGame-4509.suppressed.exp
[2021.01.02-19.08.05:080][471]CompilerResultsLog:   [6/6] StealthGameEditor.target
[2021.01.02-19.08.05:080][471]CompilerResultsLog: Total time in Parallel executor: 22.63 seconds
[2021.01.02-19.08.05:080][471]CompilerResultsLog: Total execution time: 36.42 seconds
[2021.01.02-19.08.05:080][471]LogMainFrame: MainFrame: Module compiling took 36.633 seconds
[2021.01.02-19.08.05:134][471]LogClass: Could not find existing class EnemyAIController in package /Script/StealthGame for HotReload, assuming new class
[2021.01.02-19.08.05:141][471]LogClass: PatrolPoint HotReload.
[2021.01.02-19.08.05:154][471]LogHotReload: Re-instancing EnemyAIController after hot-reload.
[2021.01.02-19.08.05:211][471]LogContentBrowser: Native class hierarchy updated for 'StealthGame' in 0.0006 seconds. Added 6 classes and 3 folders.
[2021.01.02-19.08.05:216][471]Display: HotReload successful (3 functions remapped  1 scriptstructs remapped)
[2021.01.02-19.08.05:375][471]LogContentBrowser: Native class hierarchy populated in 0.0112 seconds. Added 3433 classes and 824 folders.
[2021.01.02-19.08.05:375][471]Display: HotReload took 36.9s.
[2021.01.02-19.08.09:565][484]LogAssetEditorSubsystem: Opening Asset editor for Class /Script/StealthGame.EnemyAIController
[2021.01.02-19.08.15:613][812]LogScript: Warning: Accessed None trying to read property CallFunc_GetPlayerPawn_ReturnValue
	Player_AnimBlueprint_C /Engine/Transient.World_5:PersistentLevel.Player_C_0.CharacterMesh0.Player_AnimBlueprint_C_0
	Function /Game/AnimStarterPack/Player_AnimBlueprint.Player_AnimBlueprint_C:ExecuteUbergraph_Player_AnimBlueprint:050A
[2021.01.02-19.08.15:614][812]LogScript: Warning: Accessed None trying to read property CallFunc_GetPlayerPawn_ReturnValue
	Player_AnimBlueprint_C /Engine/Transient.World_5:PersistentLevel.Player_C_0.CharacterMesh0.Player_AnimBlueprint_C_0
	Function /Game/AnimStarterPack/Player_AnimBlueprint.Player_AnimBlueprint_C:ExecuteUbergraph_Player_AnimBlueprint:06B7
[2021.01.02-19.11.04:028][441]Candidate modules for hot reload:
[2021.01.02-19.11.04:028][441]  StealthGame
[2021.01.02-19.11.04:028][441]Launching UnrealBuildTool... [C:/Program Files/Epic Games/UE_4.25/Engine/Binaries/DotNET/UnrealBuildTool.exe  -ModuleWithSuffix=StealthGame,7162 StealthGameEditor Win64 Development -Project="C:/Users/ago25/Desktop/TheSign/Curriculari/UnrealEngine/GitStealthGame/StealthGame_Unreal/StealthGame/StealthGame.uproject" "C:/Users/ago25/Desktop/TheSign/Curriculari/UnrealEngine/GitStealthGame/StealthGame_Unreal/StealthGame/StealthGame.uproject"  -IgnoreJunk]
[2021.01.02-19.11.04:030][441]Warning: Starting HotReload took  0.0s.
[2021.01.02-19.11.12:664][ 95]CompilerResultsLog: New page: Compilation - 2 Jan 2021, 21:11:12
[2021.01.02-19.11.12:664][ 95]CompilerResultsLog: Using 'git status' to determine working set for adaptive non-unity build (C:\Users\ago25\Desktop\TheSign\Curriculari\UnrealEngine\GitStealthGame\StealthGame_Unreal).
[2021.01.02-19.11.12:664][ 95]CompilerResultsLog: Building StealthGameEditor...
[2021.01.02-19.11.12:664][ 95]CompilerResultsLog: Using Visual Studio 2019 14.27.29111 toolchain (C:\Program Files (x86)\Microsoft Visual Studio\2019\Community\VC\Tools\MSVC\14.27.29110) and Windows 10.0.19041.0 SDK (C:\Program Files (x86)\Windows Kits\10).
[2021.01.02-19.11.12:664][ 95]CompilerResultsLog: Building 4 actions with 4 processes...
[2021.01.02-19.11.12:664][ 95]CompilerResultsLog:   [1/4] EnemyAIController.cpp
[2021.01.02-19.11.12:664][ 95]CompilerResultsLog:   [2/4] UE4Editor-StealthGame-7162.lib
[2021.01.02-19.11.12:664][ 95]CompilerResultsLog:      Creazione della libreria C:\Users\ago25\Desktop\TheSign\Curriculari\UnrealEngine\GitStealthGame\StealthGame_Unreal\StealthGame\Intermediate\Build\Win64\UE4Editor\Development\StealthGame\UE4Editor-StealthGame-7162.lib e dell'oggetto C:\Users\ago25\Desktop\TheSign\Curriculari\UnrealEngine\GitStealthGame\StealthGame_Unreal\StealthGame\Intermediate\Build\Win64\UE4Editor\Development\StealthGame\UE4Editor-StealthGame-7162.exp
[2021.01.02-19.11.12:664][ 95]CompilerResultsLog:   [3/4] UE4Editor-StealthGame-7162.dll
[2021.01.02-19.11.12:664][ 95]CompilerResultsLog:      Creazione della libreria C:\Users\ago25\Desktop\TheSign\Curriculari\UnrealEngine\GitStealthGame\StealthGame_Unreal\StealthGame\Intermediate\Build\Win64\UE4Editor\Development\StealthGame\UE4Editor-StealthGame-7162.suppressed.lib e dell'oggetto C:\Users\ago25\Desktop\TheSign\Curriculari\UnrealEngine\GitStealthGame\StealthGame_Unreal\StealthGame\Intermediate\Build\Win64\UE4Editor\Development\StealthGame\UE4Editor-StealthGame-7162.suppressed.exp
[2021.01.02-19.11.12:664][ 95]CompilerResultsLog:   [4/4] StealthGameEditor.target
[2021.01.02-19.11.12:664][ 95]CompilerResultsLog: Total time in Parallel executor: 6.67 seconds
[2021.01.02-19.11.12:664][ 95]CompilerResultsLog: Total execution time: 8.47 seconds
[2021.01.02-19.11.12:664][ 95]LogMainFrame: MainFrame: Module compiling took 8.639 seconds
[2021.01.02-19.11.12:700][ 95]LogOutputDevice: Warning: 

Script Stack (0 frames):

[2021.01.02-19.11.12:700][ 95]LogWindows: Windows GetLastError: The operation completed successfully. (0)
[2021.01.02-19.11.42:046][ 95]LogWindows: Error: === Critical error: ===
[2021.01.02-19.11.42:046][ 95]LogWindows: Error: 
[2021.01.02-19.11.42:046][ 95]LogWindows: Error: Fatal error: [File:D:/Build/++UE4/Sync/Engine/Source/Runtime/CoreUObject/Private/UObject/UObjectGlobals.cpp] [Line: 2335] 
[2021.01.02-19.11.42:046][ 95]LogWindows: Error: Objects have the same fully qualified name but different paths.
[2021.01.02-19.11.42:046][ 95]LogWindows: Error: 	New Object: EnemyAIController /Engine/Transient.Default__EnemyAIController
[2021.01.02-19.11.42:046][ 95]LogWindows: Error: 	Existing Object: HOTRELOADED_EnemyAIController_0 /Engine/Transient.Default__EnemyAIController
[2021.01.02-19.11.42:046][ 95]LogWindows: Error: 
[2021.01.02-19.11.42:046][ 95]LogWindows: Error: 
[2021.01.02-19.11.42:046][ 95]LogWindows: Error: [Callstack] 0x00007fff267cd759 KERNELBASE.dll!UnknownFunction []
[2021.01.02-19.11.42:046][ 95]LogWindows: Error: [Callstack] 0x00007ffeecdeec66 UE4Editor-Core.dll!ReportAssert() [D:\Build\++UE4\Sync\Engine\Source\Runtime\Core\Private\Windows\WindowsPlatformCrashContext.cpp:1541]
[2021.01.02-19.11.42:046][ 95]LogWindows: Error: [Callstack] 0x00007ffeecdf2048 UE4Editor-Core.dll!FWindowsErrorOutputDevice::Serialize() [D:\Build\++UE4\Sync\Engine\Source\Runtime\Core\Private\Windows\WindowsErrorOutputDevice.cpp:78]
[2021.01.02-19.11.42:046][ 95]LogWindows: Error: [Callstack] 0x00007ffeecb7e52d UE4Editor-Core.dll!FOutputDevice::LogfImpl() [D:\Build\++UE4\Sync\Engine\Source\Runtime\Core\Private\Misc\OutputDevice.cpp:61]
[2021.01.02-19.11.42:046][ 95]LogWindows: Error: [Callstack] 0x00007ffee1b2dfca UE4Editor-CoreUObject.dll!StaticAllocateObject() [D:\Build\++UE4\Sync\Engine\Source\Runtime\CoreUObject\Private\UObject\UObjectGlobals.cpp:2330]
[2021.01.02-19.11.42:046][ 95]LogWindows: Error: [Callstack] 0x00007ffeb2a7340c UE4Editor-StealthGame-7162.dll!AEnemyAIController::__VTableCtorCaller() [C:\Users\ago25\Desktop\TheSign\Curriculari\UnrealEngine\GitStealthGame\StealthGame_Unreal\StealthGame\Source\StealthGame\Public\EnemyAIController.h:17]
[2021.01.02-19.11.42:046][ 95]LogWindows: Error: [Callstack] 0x00007ffee189f34b UE4Editor-CoreUObject.dll!UClass::HotReloadPrivateStaticClass() [D:\Build\++UE4\Sync\Engine\Source\Runtime\CoreUObject\Private\UObject\Class.cpp:5006]
[2021.01.02-19.11.42:046][ 95]LogWindows: Error: [Callstack] 0x00007ffee189c13d UE4Editor-CoreUObject.dll!GetPrivateStaticClassBody() [D:\Build\++UE4\Sync\Engine\Source\Runtime\CoreUObject\Private\UObject\Class.cpp:5390]
[2021.01.02-19.11.42:046][ 95]LogWindows: Error: [Callstack] 0x00007ffeb2a7940b UE4Editor-StealthGame-7162.dll!AEnemyAIController::GetPrivateStaticClass() [C:\Users\ago25\Desktop\TheSign\Curriculari\UnrealEngine\GitStealthGame\StealthGame_Unreal\StealthGame\Intermediate\Build\Win64\UE4Editor\Inc\StealthGame\EnemyAIController.gen.cpp:92]
[2021.01.02-19.11.42:046][ 95]LogWindows: Error: [Callstack] 0x00007ffeb2a7926f UE4Editor-StealthGame-7162.dll!TClassCompiledInDefer<AEnemyAIController>::Register() [C:\Program Files\Epic Games\UE_4.25\Engine\Source\Runtime\CoreUObject\Public\UObject\UObjectBase.h:288]
[2021.01.02-19.11.42:046][ 95]LogWindows: Error: [Callstack] 0x00007ffee1b364a3 UE4Editor-CoreUObject.dll!UClassRegisterAllCompiledInClasses() [D:\Build\++UE4\Sync\Engine\Source\Runtime\CoreUObject\Private\UObject\UObjectBase.cpp:755]
[2021.01.02-19.11.42:046][ 95]LogWindows: Error: [Callstack] 0x00007ffee1b15b6e UE4Editor-CoreUObject.dll!ProcessNewlyLoadedUObjects() [D:\Build\++UE4\Sync\Engine\Source\Runtime\CoreUObject\Private\UObject\UObjectBase.cpp:939]
[2021.01.02-19.11.42:046][ 95]LogWindows: Error: [Callstack] 0x00007ffee1a34465 UE4Editor-CoreUObject.dll!TBaseStaticDelegateInstance<void __cdecl(FName,bool)>::ExecuteIfSafe() [D:\Build\++UE4\Sync\Engine\Source\Runtime\Core\Public\Delegates\DelegateInstancesImpl.h:859]
[2021.01.02-19.11.42:046][ 95]LogWindows: Error: [Callstack] 0x00007ffeecbb986a UE4Editor-Core.dll!TBaseMulticastDelegate<void,FName,bool>::Broadcast() [D:\Build\++UE4\Sync\Engine\Source\Runtime\Core\Public\Delegates\DelegateSignatureImpl.inl:1013]
[2021.01.02-19.11.42:046][ 95]LogWindows: Error: [Callstack] 0x00007ffeecbd99f0 UE4Editor-Core.dll!FModuleManager::LoadModuleWithFailureReason() [D:\Build\++UE4\Sync\Engine\Source\Runtime\Core\Private\Modules\ModuleManager.cpp:500]
[2021.01.02-19.11.42:046][ 95]LogWindows: Error: [Callstack] 0x00007ffeecbd8b08 UE4Editor-Core.dll!FModuleManager::LoadModule() [D:\Build\++UE4\Sync\Engine\Source\Runtime\Core\Private\Modules\ModuleManager.cpp:334]
[2021.01.02-19.11.42:046][ 95]LogWindows: Error: [Callstack] 0x00007ffeac9db9b2 UE4Editor-HotReload.dll!FHotReloadModule::DoHotReloadInternal() [D:\Build\++UE4\Sync\Engine\Source\Developer\HotReload\Private\HotReload.cpp:799]
[2021.01.02-19.11.42:046][ 95]LogWindows: Error: [Callstack] 0x00007ffeac9d9617 UE4Editor-HotReload.dll!UE4Function_Private::TFunctionRefCaller<<lambda_d85446a946c3f6776c68ebfeb93e5785>,void __cdecl(TMap<FName,FString,FDefaultSetAllocator,TDefaultMapHashableKeyFuncs<FName,FString,0> > const &,bool,enum ECompilationResult::Type)>::Call() [D:\Build\++UE4\Sync\Engine\Source\Runtime\Core\Public\Templates\Function.h:549]
[2021.01.02-19.11.42:046][ 95]LogWindows: Error: [Callstack] 0x00007ffeac9da1ad UE4Editor-HotReload.dll!FHotReloadModule::CheckForFinishedModuleDLLCompile() [D:\Build\++UE4\Sync\Engine\Source\Developer\HotReload\Private\HotReload.cpp:1865]
[2021.01.02-19.11.42:046][ 95]LogWindows: Error: [Callstack] 0x00007ffeac9ec057 UE4Editor-HotReload.dll!FHotReloadModule::Tick() [D:\Build\++UE4\Sync\Engine\Source\Developer\HotReload\Private\HotReload.cpp:1427]
[2021.01.02-19.11.42:046][ 95]LogWindows: Error: [Callstack] 0x00007ffeec93d0a9 UE4Editor-Core.dll!FTicker::Tick() [D:\Build\++UE4\Sync\Engine\Source\Runtime\Core\Private\Containers\Ticker.cpp:95]
[2021.01.02-19.11.42:046][ 95]LogWindows: Error: [Callstack] 0x00007ff6d7f3a213 UE4Editor.exe!FEngineLoop::Tick() [D:\Build\++UE4\Sync\Engine\Source\Runtime\Launch\Private\LaunchEngineLoop.cpp:5051]
[2021.01.02-19.11.42:046][ 95]LogWindows: Error: [Callstack] 0x00007ff6d7f4ba7c UE4Editor.exe!GuardedMain() [D:\Build\++UE4\Sync\Engine\Source\Runtime\Launch\Private\Launch.cpp:169]
[2021.01.02-19.11.42:046][ 95]LogWindows: Error: [Callstack] 0x00007ff6d7f4bb5a UE4Editor.exe!GuardedMainWrapper() [D:\Build\++UE4\Sync\Engine\Source\Runtime\Launch\Private\Windows\LaunchWindows.cpp:137]
[2021.01.02-19.11.42:046][ 95]LogWindows: Error: [Callstack] 0x00007ff6d7f5e31d UE4Editor.exe!WinMain() [D:\Build\++UE4\Sync\Engine\Source\Runtime\Launch\Private\Windows\LaunchWindows.cpp:268]
[2021.01.02-19.11.42:046][ 95]LogWindows: Error: [Callstack] 0x00007ff6d7f6145a UE4Editor.exe!__scrt_common_main_seh() [d:\agent\_work\5\s\src\vctools\crt\vcstartup\src\startup\exe_common.inl:288]
[2021.01.02-19.11.42:046][ 95]LogWindows: Error: [Callstack] 0x00007fff28cf7034 KERNEL32.DLL!UnknownFunction []
[2021.01.02-19.11.42:046][ 95]LogWindows: Error: [Callstack] 0x00007fff2905d0d1 ntdll.dll!UnknownFunction []
[2021.01.02-19.11.42:046][ 95]LogWindows: Error: 
[2021.01.02-19.11.42:077][ 95]LogExit: Executing StaticShutdownAfterError
[2021.01.02-19.11.42:190][ 95]LogWindows: FPlatformMisc::RequestExit(1)
[2021.01.02-19.11.42:190][ 95]LogCore: Engine exit requested (reason: Win RequestExit)
[2021.01.02-19.11.42:242][ 95]Log file closed, 01/02/21 20:11:42
